[2026-02-13T20:44:32.068Z] AUTH_USER: sub=32f40f0c-1fe9-4b5b-95b3-7e3380930b07, email=applution@gmail.com
[2026-02-13T20:44:32.069Z] AUTH_USER: existing user found id=32f40f0c-1fe9-4b5b-95b3-7e3380930b07, returning this
[2026-02-13T20:44:32.110Z] AUTH_USER: sub=32f40f0c-1fe9-4b5b-95b3-7e3380930b07, email=applution@gmail.com
[2026-02-13T20:44:32.120Z] AUTH_USER: existing user found id=32f40f0c-1fe9-4b5b-95b3-7e3380930b07, returning this
[2026-02-13T20:44:32.130Z] AUTH_USER: sub=32f40f0c-1fe9-4b5b-95b3-7e3380930b07, email=applution@gmail.com
[2026-02-13T20:44:32.131Z] AUTH_USER: existing user found id=32f40f0c-1fe9-4b5b-95b3-7e3380930b07, returning this
[2026-02-13T20:44:32.382Z] AUTH_USER: sub=32f40f0c-1fe9-4b5b-95b3-7e3380930b07, email=applution@gmail.com
[2026-02-13T20:44:32.383Z] AUTH_USER: existing user found id=32f40f0c-1fe9-4b5b-95b3-7e3380930b07, returning this
[2026-02-13T20:44:32.451Z] DASHBOARD: using claims.sub userId=32f40f0c-1fe9-4b5b-95b3-7e3380930b07, email=applution@gmail.com
[2026-02-13T20:44:32.453Z] AUTH_USER: sub=32f40f0c-1fe9-4b5b-95b3-7e3380930b07, email=applution@gmail.com
[2026-02-13T20:44:32.454Z] AUTH_USER: existing user found id=32f40f0c-1fe9-4b5b-95b3-7e3380930b07, returning this
[2026-02-13T20:44:32.457Z] AUTH_USER: sub=32f40f0c-1fe9-4b5b-95b3-7e3380930b07, email=applution@gmail.com
[2026-02-13T20:44:32.458Z] AUTH_USER: existing user found id=32f40f0c-1fe9-4b5b-95b3-7e3380930b07, returning this
[2026-02-13T20:44:32.480Z] AUTH_USER: sub=32f40f0c-1fe9-4b5b-95b3-7e3380930b07, email=applution@gmail.com
[2026-02-13T20:44:32.481Z] AUTH_USER: existing user found id=32f40f0c-1fe9-4b5b-95b3-7e3380930b07, returning this
[2026-02-13T20:44:32.483Z] AUTH_USER: sub=32f40f0c-1fe9-4b5b-95b3-7e3380930b07, email=applution@gmail.com
[2026-02-13T20:44:32.483Z] AUTH_USER: existing user found id=32f40f0c-1fe9-4b5b-95b3-7e3380930b07, returning this
[2026-02-13T20:44:32.905Z] DASHBOARD: getEventsByUser(32f40f0c-1fe9-4b5b-95b3-7e3380930b07) returned 9 events
[2026-02-13T20:46:19.585Z] AUTH_USER: sub=32f40f0c-1fe9-4b5b-95b3-7e3380930b07, email=applution@gmail.com
[2026-02-13T20:46:19.590Z] AUTH_USER: existing user found id=32f40f0c-1fe9-4b5b-95b3-7e3380930b07, returning this
[2026-02-13T20:47:10.589Z] AUTH_USER: sub=32f40f0c-1fe9-4b5b-95b3-7e3380930b07, email=applution@gmail.com
[2026-02-13T20:47:10.592Z] AUTH_USER: existing user found id=32f40f0c-1fe9-4b5b-95b3-7e3380930b07, returning this
[2026-02-13T20:47:10.597Z] AUTH_USER: sub=32f40f0c-1fe9-4b5b-95b3-7e3380930b07, email=applution@gmail.com
[2026-02-13T20:47:10.598Z] AUTH_USER: existing user found id=32f40f0c-1fe9-4b5b-95b3-7e3380930b07, returning this
[2026-02-13T20:47:10.601Z] AUTH_USER: sub=32f40f0c-1fe9-4b5b-95b3-7e3380930b07, email=applution@gmail.com
[2026-02-13T20:47:10.601Z] AUTH_USER: existing user found id=32f40f0c-1fe9-4b5b-95b3-7e3380930b07, returning this
[2026-02-13T20:47:10.606Z] AUTH_USER: sub=32f40f0c-1fe9-4b5b-95b3-7e3380930b07, email=applution@gmail.com
[2026-02-13T20:47:10.607Z] AUTH_USER: existing user found id=32f40f0c-1fe9-4b5b-95b3-7e3380930b07, returning this
[2026-02-13T20:47:10.610Z] AUTH_USER: sub=32f40f0c-1fe9-4b5b-95b3-7e3380930b07, email=applution@gmail.com
[2026-02-13T20:47:10.611Z] AUTH_USER: existing user found id=32f40f0c-1fe9-4b5b-95b3-7e3380930b07, returning this
[2026-02-13T20:47:11.800Z] AUTH_USER: sub=32f40f0c-1fe9-4b5b-95b3-7e3380930b07, email=applution@gmail.com
[2026-02-13T20:47:11.801Z] AUTH_USER: existing user found id=32f40f0c-1fe9-4b5b-95b3-7e3380930b07, returning this
[2026-02-13T20:47:11.810Z] AUTH_USER: sub=32f40f0c-1fe9-4b5b-95b3-7e3380930b07, email=applution@gmail.com
[2026-02-13T20:47:11.812Z] AUTH_USER: existing user found id=32f40f0c-1fe9-4b5b-95b3-7e3380930b07, returning this
[2026-02-13T20:47:11.820Z] AUTH_USER: sub=32f40f0c-1fe9-4b5b-95b3-7e3380930b07, email=applution@gmail.com
[2026-02-13T20:47:11.821Z] AUTH_USER: existing user found id=32f40f0c-1fe9-4b5b-95b3-7e3380930b07, returning this
[2026-02-13T20:47:11.827Z] AUTH_USER: sub=32f40f0c-1fe9-4b5b-95b3-7e3380930b07, email=applution@gmail.com
[2026-02-13T20:47:11.828Z] AUTH_USER: existing user found id=32f40f0c-1fe9-4b5b-95b3-7e3380930b07, returning this
[2026-02-13T20:47:11.831Z] AUTH_USER: sub=32f40f0c-1fe9-4b5b-95b3-7e3380930b07, email=applution@gmail.com
[2026-02-13T20:47:11.832Z] AUTH_USER: existing user found id=32f40f0c-1fe9-4b5b-95b3-7e3380930b07, returning this
[2026-02-13T20:47:14.032Z] AUTH_USER: sub=32f40f0c-1fe9-4b5b-95b3-7e3380930b07, email=applution@gmail.com
[2026-02-13T20:47:14.033Z] AUTH_USER: existing user found id=32f40f0c-1fe9-4b5b-95b3-7e3380930b07, returning this
[2026-02-13T20:47:14.042Z] AUTH_USER: sub=32f40f0c-1fe9-4b5b-95b3-7e3380930b07, email=applution@gmail.com
[2026-02-13T20:47:14.043Z] AUTH_USER: existing user found id=32f40f0c-1fe9-4b5b-95b3-7e3380930b07, returning this
[2026-02-13T20:47:14.046Z] AUTH_USER: sub=32f40f0c-1fe9-4b5b-95b3-7e3380930b07, email=applution@gmail.com
[2026-02-13T20:47:14.046Z] AUTH_USER: existing user found id=32f40f0c-1fe9-4b5b-95b3-7e3380930b07, returning this
[2026-02-13T20:47:14.050Z] AUTH_USER: sub=32f40f0c-1fe9-4b5b-95b3-7e3380930b07, email=applution@gmail.com
[2026-02-13T20:47:14.051Z] AUTH_USER: existing user found id=32f40f0c-1fe9-4b5b-95b3-7e3380930b07, returning this
[2026-02-13T20:47:14.054Z] AUTH_USER: sub=32f40f0c-1fe9-4b5b-95b3-7e3380930b07, email=applution@gmail.com
[2026-02-13T20:47:14.054Z] AUTH_USER: existing user found id=32f40f0c-1fe9-4b5b-95b3-7e3380930b07, returning this
[2026-02-13T20:47:42.089Z] AUTH_USER: sub=32f40f0c-1fe9-4b5b-95b3-7e3380930b07, email=applution@gmail.com
[2026-02-13T20:47:42.090Z] AUTH_USER: existing user found id=32f40f0c-1fe9-4b5b-95b3-7e3380930b07, returning this
[2026-02-13T20:47:42.092Z] AUTH_USER: sub=32f40f0c-1fe9-4b5b-95b3-7e3380930b07, email=applution@gmail.com
[2026-02-13T20:47:42.093Z] AUTH_USER: existing user found id=32f40f0c-1fe9-4b5b-95b3-7e3380930b07, returning this
[2026-02-13T20:47:44.683Z] AUTH_USER: sub=32f40f0c-1fe9-4b5b-95b3-7e3380930b07, email=applution@gmail.com
[2026-02-13T20:47:44.684Z] AUTH_USER: existing user found id=32f40f0c-1fe9-4b5b-95b3-7e3380930b07, returning this
[2026-02-13T20:47:44.720Z] AUTH_USER: sub=32f40f0c-1fe9-4b5b-95b3-7e3380930b07, email=applution@gmail.com
[2026-02-13T20:47:44.721Z] AUTH_USER: existing user found id=32f40f0c-1fe9-4b5b-95b3-7e3380930b07, returning this
[2026-02-13T20:48:18.996Z] EVENTS: req.user.claims.sub=32f40f0c-1fe9-4b5b-95b3-7e3380930b07, email=applution@gmail.com
[2026-02-13T20:48:19.004Z] AUTH_USER: sub=32f40f0c-1fe9-4b5b-95b3-7e3380930b07, email=applution@gmail.com
[2026-02-13T20:48:19.005Z] AUTH_USER: existing user found id=32f40f0c-1fe9-4b5b-95b3-7e3380930b07, returning this
[2026-02-13T20:48:19.536Z] EVENTS: found 9 events for userId=32f40f0c-1fe9-4b5b-95b3-7e3380930b07
[2026-02-13T20:48:19.553Z] AUTH_USER: sub=32f40f0c-1fe9-4b5b-95b3-7e3380930b07, email=applution@gmail.com
[2026-02-13T20:48:19.553Z] AUTH_USER: existing user found id=32f40f0c-1fe9-4b5b-95b3-7e3380930b07, returning this
[2026-02-13T20:48:19.579Z] AUTH_USER: sub=32f40f0c-1fe9-4b5b-95b3-7e3380930b07, email=applution@gmail.com
[2026-02-13T20:48:19.580Z] AUTH_USER: existing user found id=32f40f0c-1fe9-4b5b-95b3-7e3380930b07, returning this
[2026-02-13T20:48:23.823Z] AUTH_USER: sub=32f40f0c-1fe9-4b5b-95b3-7e3380930b07, email=applution@gmail.com
[2026-02-13T20:48:23.824Z] AUTH_USER: existing user found id=32f40f0c-1fe9-4b5b-95b3-7e3380930b07, returning this
[2026-02-13T20:48:23.831Z] AUTH_USER: sub=32f40f0c-1fe9-4b5b-95b3-7e3380930b07, email=applution@gmail.com
[2026-02-13T20:48:23.836Z] AUTH_USER: existing user found id=32f40f0c-1fe9-4b5b-95b3-7e3380930b07, returning this
[2026-02-13T20:48:25.918Z] AUTH_USER: sub=32f40f0c-1fe9-4b5b-95b3-7e3380930b07, email=applution@gmail.com
[2026-02-13T20:48:25.919Z] AUTH_USER: existing user found id=32f40f0c-1fe9-4b5b-95b3-7e3380930b07, returning this
[2026-02-13T20:48:26.258Z] AUTH_USER: sub=32f40f0c-1fe9-4b5b-95b3-7e3380930b07, email=applution@gmail.com
[2026-02-13T20:48:26.261Z] AUTH_USER: existing user found id=32f40f0c-1fe9-4b5b-95b3-7e3380930b07, returning this
[2026-02-13T20:48:28.517Z] AUTH_USER: sub=32f40f0c-1fe9-4b5b-95b3-7e3380930b07, email=applution@gmail.com
[2026-02-13T20:48:28.519Z] AUTH_USER: existing user found id=32f40f0c-1fe9-4b5b-95b3-7e3380930b07, returning this
[2026-02-13T20:48:28.543Z] AUTH_USER: sub=32f40f0c-1fe9-4b5b-95b3-7e3380930b07, email=applution@gmail.com
[2026-02-13T20:48:28.544Z] AUTH_USER: existing user found id=32f40f0c-1fe9-4b5b-95b3-7e3380930b07, returning this
[2026-02-13T20:48:30.011Z] AUTH_USER: sub=32f40f0c-1fe9-4b5b-95b3-7e3380930b07, email=applution@gmail.com
[2026-02-13T20:48:30.012Z] AUTH_USER: existing user found id=32f40f0c-1fe9-4b5b-95b3-7e3380930b07, returning this
[2026-02-13T20:48:30.943Z] AUTH_USER: sub=32f40f0c-1fe9-4b5b-95b3-7e3380930b07, email=applution@gmail.com
[2026-02-13T20:48:30.944Z] AUTH_USER: existing user found id=32f40f0c-1fe9-4b5b-95b3-7e3380930b07, returning this
[2026-02-13T20:48:31.311Z] AUTH_USER: sub=32f40f0c-1fe9-4b5b-95b3-7e3380930b07, email=applution@gmail.com
[2026-02-13T20:48:31.312Z] AUTH_USER: existing user found id=32f40f0c-1fe9-4b5b-95b3-7e3380930b07, returning this
[2026-02-13T20:48:32.826Z] AUTH_USER: sub=32f40f0c-1fe9-4b5b-95b3-7e3380930b07, email=applution@gmail.com
[2026-02-13T20:48:32.827Z] AUTH_USER: existing user found id=32f40f0c-1fe9-4b5b-95b3-7e3380930b07, returning this
[2026-02-13T20:48:32.856Z] AUTH_USER: sub=32f40f0c-1fe9-4b5b-95b3-7e3380930b07, email=applution@gmail.com
[2026-02-13T20:48:32.856Z] AUTH_USER: existing user found id=32f40f0c-1fe9-4b5b-95b3-7e3380930b07, returning this
[2026-02-13T20:50:08.301Z] AUTH_USER: sub=32f40f0c-1fe9-4b5b-95b3-7e3380930b07, email=applution@gmail.com
[2026-02-13T20:50:08.302Z] AUTH_USER: existing user found id=32f40f0c-1fe9-4b5b-95b3-7e3380930b07, returning this
[2026-02-13T20:50:08.355Z] DASHBOARD: using claims.sub userId=32f40f0c-1fe9-4b5b-95b3-7e3380930b07, email=applution@gmail.com
[2026-02-13T20:50:08.356Z] DASHBOARD: getEventsByUser(32f40f0c-1fe9-4b5b-95b3-7e3380930b07) returned 9 events
[2026-02-13T20:50:08.371Z] AUTH_USER: sub=32f40f0c-1fe9-4b5b-95b3-7e3380930b07, email=applution@gmail.com
[2026-02-13T20:50:08.372Z] AUTH_USER: existing user found id=32f40f0c-1fe9-4b5b-95b3-7e3380930b07, returning this
[2026-02-13T20:50:08.376Z] AUTH_USER: sub=32f40f0c-1fe9-4b5b-95b3-7e3380930b07, email=applution@gmail.com
[2026-02-13T20:50:08.378Z] AUTH_USER: existing user found id=32f40f0c-1fe9-4b5b-95b3-7e3380930b07, returning this
[2026-02-13T20:50:08.383Z] AUTH_USER: sub=32f40f0c-1fe9-4b5b-95b3-7e3380930b07, email=applution@gmail.com
[2026-02-13T20:50:08.384Z] AUTH_USER: existing user found id=32f40f0c-1fe9-4b5b-95b3-7e3380930b07, returning this
[2026-02-13T20:50:08.387Z] AUTH_USER: sub=32f40f0c-1fe9-4b5b-95b3-7e3380930b07, email=applution@gmail.com
[2026-02-13T20:50:08.388Z] AUTH_USER: existing user found id=32f40f0c-1fe9-4b5b-95b3-7e3380930b07, returning this
[2026-02-13T20:50:17.133Z] EVENTS: req.user.claims.sub=32f40f0c-1fe9-4b5b-95b3-7e3380930b07, email=applution@gmail.com
[2026-02-13T20:50:17.135Z] EVENTS: found 9 events for userId=32f40f0c-1fe9-4b5b-95b3-7e3380930b07
[2026-02-13T20:50:17.233Z] AUTH_USER: sub=32f40f0c-1fe9-4b5b-95b3-7e3380930b07, email=applution@gmail.com
[2026-02-13T20:50:17.234Z] AUTH_USER: existing user found id=32f40f0c-1fe9-4b5b-95b3-7e3380930b07, returning this
[2026-02-13T20:50:17.607Z] AUTH_USER: sub=32f40f0c-1fe9-4b5b-95b3-7e3380930b07, email=applution@gmail.com
[2026-02-13T20:50:17.608Z] AUTH_USER: existing user found id=32f40f0c-1fe9-4b5b-95b3-7e3380930b07, returning this
[2026-02-13T20:50:17.628Z] AUTH_USER: sub=32f40f0c-1fe9-4b5b-95b3-7e3380930b07, email=applution@gmail.com
[2026-02-13T20:50:17.629Z] AUTH_USER: existing user found id=32f40f0c-1fe9-4b5b-95b3-7e3380930b07, returning this
[2026-02-13T20:50:25.862Z] AUTH_USER: sub=32f40f0c-1fe9-4b5b-95b3-7e3380930b07, email=applution@gmail.com
[2026-02-13T20:50:25.869Z] AUTH_USER: existing user found id=32f40f0c-1fe9-4b5b-95b3-7e3380930b07, returning this
[2026-02-13T20:50:27.041Z] AUTH_USER: sub=32f40f0c-1fe9-4b5b-95b3-7e3380930b07, email=applution@gmail.com
[2026-02-13T20:50:27.042Z] AUTH_USER: existing user found id=32f40f0c-1fe9-4b5b-95b3-7e3380930b07, returning this
[2026-02-13T20:50:27.068Z] AUTH_USER: sub=32f40f0c-1fe9-4b5b-95b3-7e3380930b07, email=applution@gmail.com
[2026-02-13T20:50:27.070Z] AUTH_USER: existing user found id=32f40f0c-1fe9-4b5b-95b3-7e3380930b07, returning this
[2026-02-13T20:50:31.839Z] AUTH_USER: sub=32f40f0c-1fe9-4b5b-95b3-7e3380930b07, email=applution@gmail.com
[2026-02-13T20:50:31.840Z] AUTH_USER: existing user found id=32f40f0c-1fe9-4b5b-95b3-7e3380930b07, returning this
[2026-02-13T20:50:31.842Z] AUTH_USER: sub=32f40f0c-1fe9-4b5b-95b3-7e3380930b07, email=applution@gmail.com
[2026-02-13T20:50:31.843Z] AUTH_USER: existing user found id=32f40f0c-1fe9-4b5b-95b3-7e3380930b07, returning this
[2026-02-13T20:50:31.846Z] AUTH_USER: sub=32f40f0c-1fe9-4b5b-95b3-7e3380930b07, email=applution@gmail.com
[2026-02-13T20:50:31.846Z] AUTH_USER: existing user found id=32f40f0c-1fe9-4b5b-95b3-7e3380930b07, returning this
[2026-02-13T20:50:31.849Z] AUTH_USER: sub=32f40f0c-1fe9-4b5b-95b3-7e3380930b07, email=applution@gmail.com
[2026-02-13T20:50:31.849Z] AUTH_USER: existing user found id=32f40f0c-1fe9-4b5b-95b3-7e3380930b07, returning this
[2026-02-13T20:50:31.852Z] AUTH_USER: sub=32f40f0c-1fe9-4b5b-95b3-7e3380930b07, email=applution@gmail.com
[2026-02-13T20:50:31.852Z] AUTH_USER: existing user found id=32f40f0c-1fe9-4b5b-95b3-7e3380930b07, returning this
[2026-02-13T20:50:31.868Z] AUTH_USER: sub=32f40f0c-1fe9-4b5b-95b3-7e3380930b07, email=applution@gmail.com
[2026-02-13T20:50:31.869Z] AUTH_USER: existing user found id=32f40f0c-1fe9-4b5b-95b3-7e3380930b07, returning this
[2026-02-13T20:50:31.915Z] DASHBOARD: using claims.sub userId=32f40f0c-1fe9-4b5b-95b3-7e3380930b07, email=applution@gmail.com
[2026-02-13T20:50:31.915Z] DASHBOARD: getEventsByUser(32f40f0c-1fe9-4b5b-95b3-7e3380930b07) returned 9 events
[2026-02-13T20:50:31.919Z] AUTH_USER: sub=32f40f0c-1fe9-4b5b-95b3-7e3380930b07, email=applution@gmail.com
[2026-02-13T20:50:31.919Z] AUTH_USER: existing user found id=32f40f0c-1fe9-4b5b-95b3-7e3380930b07, returning this
[2026-02-13T20:50:31.924Z] AUTH_USER: sub=32f40f0c-1fe9-4b5b-95b3-7e3380930b07, email=applution@gmail.com
[2026-02-13T20:50:31.925Z] AUTH_USER: existing user found id=32f40f0c-1fe9-4b5b-95b3-7e3380930b07, returning this
[2026-02-13T20:50:31.934Z] AUTH_USER: sub=32f40f0c-1fe9-4b5b-95b3-7e3380930b07, email=applution@gmail.com
[2026-02-13T20:50:31.935Z] AUTH_USER: existing user found id=32f40f0c-1fe9-4b5b-95b3-7e3380930b07, returning this
[2026-02-13T20:50:31.937Z] AUTH_USER: sub=32f40f0c-1fe9-4b5b-95b3-7e3380930b07, email=applution@gmail.com
[2026-02-13T20:50:31.938Z] AUTH_USER: existing user found id=32f40f0c-1fe9-4b5b-95b3-7e3380930b07, returning this
[2026-02-13T20:50:39.233Z] EVENTS: req.user.claims.sub=32f40f0c-1fe9-4b5b-95b3-7e3380930b07, email=applution@gmail.com
[2026-02-13T20:50:39.235Z] EVENTS: found 9 events for userId=32f40f0c-1fe9-4b5b-95b3-7e3380930b07
[2026-02-13T20:50:39.238Z] AUTH_USER: sub=32f40f0c-1fe9-4b5b-95b3-7e3380930b07, email=applution@gmail.com
[2026-02-13T20:50:39.240Z] AUTH_USER: existing user found id=32f40f0c-1fe9-4b5b-95b3-7e3380930b07, returning this
[2026-02-13T20:50:40.785Z] AUTH_USER: sub=32f40f0c-1fe9-4b5b-95b3-7e3380930b07, email=applution@gmail.com
[2026-02-13T20:50:40.785Z] AUTH_USER: existing user found id=32f40f0c-1fe9-4b5b-95b3-7e3380930b07, returning this
[2026-02-13T20:50:40.804Z] AUTH_USER: sub=32f40f0c-1fe9-4b5b-95b3-7e3380930b07, email=applution@gmail.com
[2026-02-13T20:50:40.805Z] AUTH_USER: existing user found id=32f40f0c-1fe9-4b5b-95b3-7e3380930b07, returning this
[2026-02-13T20:50:42.213Z] EVENTS: req.user.claims.sub=32f40f0c-1fe9-4b5b-95b3-7e3380930b07, email=applution@gmail.com
[2026-02-13T20:50:42.214Z] EVENTS: found 9 events for userId=32f40f0c-1fe9-4b5b-95b3-7e3380930b07
[2026-02-13T20:50:42.217Z] EVENTS: req.user.claims.sub=32f40f0c-1fe9-4b5b-95b3-7e3380930b07, email=applution@gmail.com
[2026-02-13T20:50:42.217Z] EVENTS: found 9 events for userId=32f40f0c-1fe9-4b5b-95b3-7e3380930b07
[2026-02-13T20:50:42.220Z] EVENTS: req.user.claims.sub=32f40f0c-1fe9-4b5b-95b3-7e3380930b07, email=applution@gmail.com
[2026-02-13T20:50:42.222Z] EVENTS: found 9 events for userId=32f40f0c-1fe9-4b5b-95b3-7e3380930b07
[2026-02-13T20:50:42.409Z] AUTH_USER: sub=32f40f0c-1fe9-4b5b-95b3-7e3380930b07, email=applution@gmail.com
[2026-02-13T20:50:42.409Z] AUTH_USER: existing user found id=32f40f0c-1fe9-4b5b-95b3-7e3380930b07, returning this
[2026-02-13T20:50:43.295Z] AUTH_USER: sub=32f40f0c-1fe9-4b5b-95b3-7e3380930b07, email=applution@gmail.com
[2026-02-13T20:50:43.296Z] AUTH_USER: existing user found id=32f40f0c-1fe9-4b5b-95b3-7e3380930b07, returning this
[2026-02-13T20:50:43.317Z] AUTH_USER: sub=32f40f0c-1fe9-4b5b-95b3-7e3380930b07, email=applution@gmail.com
[2026-02-13T20:50:43.318Z] AUTH_USER: existing user found id=32f40f0c-1fe9-4b5b-95b3-7e3380930b07, returning this
[2026-02-13T20:50:44.159Z] AUTH_USER: sub=32f40f0c-1fe9-4b5b-95b3-7e3380930b07, email=applution@gmail.com
[2026-02-13T20:50:44.160Z] AUTH_USER: existing user found id=32f40f0c-1fe9-4b5b-95b3-7e3380930b07, returning this
[2026-02-13T20:50:44.165Z] AUTH_USER: sub=32f40f0c-1fe9-4b5b-95b3-7e3380930b07, email=applution@gmail.com
[2026-02-13T20:50:44.165Z] AUTH_USER: existing user found id=32f40f0c-1fe9-4b5b-95b3-7e3380930b07, returning this
[2026-02-13T20:50:46.013Z] AUTH_USER: sub=32f40f0c-1fe9-4b5b-95b3-7e3380930b07, email=applution@gmail.com
[2026-02-13T20:50:46.014Z] AUTH_USER: existing user found id=32f40f0c-1fe9-4b5b-95b3-7e3380930b07, returning this
[2026-02-13T20:50:46.037Z] AUTH_USER: sub=32f40f0c-1fe9-4b5b-95b3-7e3380930b07, email=applution@gmail.com
[2026-02-13T20:50:46.038Z] AUTH_USER: existing user found id=32f40f0c-1fe9-4b5b-95b3-7e3380930b07, returning this
[2026-02-13T20:50:52.711Z] AUTH_USER: sub=32f40f0c-1fe9-4b5b-95b3-7e3380930b07, email=applution@gmail.com
[2026-02-13T20:50:52.712Z] AUTH_USER: existing user found id=32f40f0c-1fe9-4b5b-95b3-7e3380930b07, returning this
[2026-02-13T20:51:53.082Z] AUTH_USER: sub=32f40f0c-1fe9-4b5b-95b3-7e3380930b07, email=applution@gmail.com
[2026-02-13T20:51:53.084Z] AUTH_USER: existing user found id=32f40f0c-1fe9-4b5b-95b3-7e3380930b07, returning this
[2026-02-13T20:51:53.143Z] DASHBOARD: using claims.sub userId=32f40f0c-1fe9-4b5b-95b3-7e3380930b07, email=applution@gmail.com
[2026-02-13T20:51:53.156Z] AUTH_USER: sub=32f40f0c-1fe9-4b5b-95b3-7e3380930b07, email=applution@gmail.com
[2026-02-13T20:51:53.157Z] AUTH_USER: existing user found id=32f40f0c-1fe9-4b5b-95b3-7e3380930b07, returning this
[2026-02-13T20:51:53.160Z] AUTH_USER: sub=32f40f0c-1fe9-4b5b-95b3-7e3380930b07, email=applution@gmail.com
[2026-02-13T20:51:53.161Z] AUTH_USER: existing user found id=32f40f0c-1fe9-4b5b-95b3-7e3380930b07, returning this
[2026-02-13T20:51:53.164Z] AUTH_USER: sub=32f40f0c-1fe9-4b5b-95b3-7e3380930b07, email=applution@gmail.com
[2026-02-13T20:51:53.165Z] AUTH_USER: existing user found id=32f40f0c-1fe9-4b5b-95b3-7e3380930b07, returning this
[2026-02-13T20:51:53.167Z] AUTH_USER: sub=32f40f0c-1fe9-4b5b-95b3-7e3380930b07, email=applution@gmail.com
[2026-02-13T20:51:53.167Z] AUTH_USER: existing user found id=32f40f0c-1fe9-4b5b-95b3-7e3380930b07, returning this
[2026-02-13T20:51:53.673Z] DASHBOARD: getEventsByUser(32f40f0c-1fe9-4b5b-95b3-7e3380930b07) returned 9 events
[2026-02-13T21:03:27.149Z] AUTH_USER: sub=32f40f0c-1fe9-4b5b-95b3-7e3380930b07, email=applution@gmail.com
[2026-02-13T21:03:27.150Z] AUTH_USER: existing user found id=32f40f0c-1fe9-4b5b-95b3-7e3380930b07, returning this
[2026-02-13T21:03:27.152Z] AUTH_USER: sub=32f40f0c-1fe9-4b5b-95b3-7e3380930b07, email=applution@gmail.com
[2026-02-13T21:03:27.152Z] AUTH_USER: existing user found id=32f40f0c-1fe9-4b5b-95b3-7e3380930b07, returning this
[2026-02-13T21:03:27.155Z] AUTH_USER: sub=32f40f0c-1fe9-4b5b-95b3-7e3380930b07, email=applution@gmail.com
[2026-02-13T21:03:27.155Z] AUTH_USER: existing user found id=32f40f0c-1fe9-4b5b-95b3-7e3380930b07, returning this
[2026-02-13T21:03:27.159Z] AUTH_USER: sub=32f40f0c-1fe9-4b5b-95b3-7e3380930b07, email=applution@gmail.com
[2026-02-13T21:03:27.160Z] AUTH_USER: existing user found id=32f40f0c-1fe9-4b5b-95b3-7e3380930b07, returning this
[2026-02-13T21:03:27.163Z] AUTH_USER: sub=32f40f0c-1fe9-4b5b-95b3-7e3380930b07, email=applution@gmail.com
[2026-02-13T21:03:27.163Z] AUTH_USER: existing user found id=32f40f0c-1fe9-4b5b-95b3-7e3380930b07, returning this
[2026-02-13T21:04:10.939Z] EVENTS: req.user.claims.sub=32f40f0c-1fe9-4b5b-95b3-7e3380930b07, email=applution@gmail.com
[2026-02-13T21:04:11.266Z] AUTH_USER: sub=32f40f0c-1fe9-4b5b-95b3-7e3380930b07, email=applution@gmail.com
[2026-02-13T21:04:11.267Z] AUTH_USER: existing user found id=32f40f0c-1fe9-4b5b-95b3-7e3380930b07, returning this
[2026-02-13T21:04:11.521Z] EVENTS: found 9 events for userId=32f40f0c-1fe9-4b5b-95b3-7e3380930b07
[2026-02-13T21:04:16.699Z] AUTH_USER: sub=32f40f0c-1fe9-4b5b-95b3-7e3380930b07, email=applution@gmail.com
[2026-02-13T21:04:16.700Z] AUTH_USER: existing user found id=32f40f0c-1fe9-4b5b-95b3-7e3380930b07, returning this
[2026-02-13T21:04:16.727Z] AUTH_USER: sub=32f40f0c-1fe9-4b5b-95b3-7e3380930b07, email=applution@gmail.com
[2026-02-13T21:04:16.728Z] AUTH_USER: existing user found id=32f40f0c-1fe9-4b5b-95b3-7e3380930b07, returning this
[2026-02-13T21:04:18.968Z] AUTH_USER: sub=32f40f0c-1fe9-4b5b-95b3-7e3380930b07, email=applution@gmail.com
[2026-02-13T21:04:18.969Z] AUTH_USER: existing user found id=32f40f0c-1fe9-4b5b-95b3-7e3380930b07, returning this
[2026-02-13T21:04:20.106Z] AUTH_USER: sub=32f40f0c-1fe9-4b5b-95b3-7e3380930b07, email=applution@gmail.com
[2026-02-13T21:04:20.106Z] AUTH_USER: existing user found id=32f40f0c-1fe9-4b5b-95b3-7e3380930b07, returning this
[2026-02-13T21:04:21.560Z] AUTH_USER: sub=32f40f0c-1fe9-4b5b-95b3-7e3380930b07, email=applution@gmail.com
[2026-02-13T21:04:21.561Z] AUTH_USER: existing user found id=32f40f0c-1fe9-4b5b-95b3-7e3380930b07, returning this
[2026-02-13T21:04:21.581Z] AUTH_USER: sub=32f40f0c-1fe9-4b5b-95b3-7e3380930b07, email=applution@gmail.com
[2026-02-13T21:04:21.581Z] AUTH_USER: existing user found id=32f40f0c-1fe9-4b5b-95b3-7e3380930b07, returning this
[2026-02-13T21:04:26.508Z] AUTH_USER: sub=32f40f0c-1fe9-4b5b-95b3-7e3380930b07, email=applution@gmail.com
[2026-02-13T21:04:26.509Z] AUTH_USER: existing user found id=32f40f0c-1fe9-4b5b-95b3-7e3380930b07, returning this
[2026-02-13T21:04:34.935Z] AUTH_USER: sub=32f40f0c-1fe9-4b5b-95b3-7e3380930b07, email=applution@gmail.com
[2026-02-13T21:04:34.935Z] AUTH_USER: existing user found id=32f40f0c-1fe9-4b5b-95b3-7e3380930b07, returning this
[2026-02-13T21:04:34.937Z] AUTH_USER: sub=32f40f0c-1fe9-4b5b-95b3-7e3380930b07, email=applution@gmail.com
[2026-02-13T21:04:34.938Z] AUTH_USER: existing user found id=32f40f0c-1fe9-4b5b-95b3-7e3380930b07, returning this
[2026-02-13T21:04:47.825Z] AUTH_USER: sub=32f40f0c-1fe9-4b5b-95b3-7e3380930b07, email=applution@gmail.com
[2026-02-13T21:04:47.826Z] AUTH_USER: existing user found id=32f40f0c-1fe9-4b5b-95b3-7e3380930b07, returning this
[2026-02-13T21:04:47.827Z] AUTH_USER: sub=32f40f0c-1fe9-4b5b-95b3-7e3380930b07, email=applution@gmail.com
[2026-02-13T21:04:47.828Z] AUTH_USER: existing user found id=32f40f0c-1fe9-4b5b-95b3-7e3380930b07, returning this
[2026-02-13T21:05:00.969Z] AUTH_USER: sub=32f40f0c-1fe9-4b5b-95b3-7e3380930b07, email=applution@gmail.com
[2026-02-13T21:05:00.972Z] AUTH_USER: existing user found id=32f40f0c-1fe9-4b5b-95b3-7e3380930b07, returning this
[2026-02-13T21:05:00.982Z] AUTH_USER: sub=32f40f0c-1fe9-4b5b-95b3-7e3380930b07, email=applution@gmail.com
[2026-02-13T21:05:01.003Z] AUTH_USER: existing user found id=32f40f0c-1fe9-4b5b-95b3-7e3380930b07, returning this
[2026-02-13T21:05:01.020Z] AUTH_USER: sub=32f40f0c-1fe9-4b5b-95b3-7e3380930b07, email=applution@gmail.com
[2026-02-13T21:05:01.022Z] AUTH_USER: existing user found id=32f40f0c-1fe9-4b5b-95b3-7e3380930b07, returning this
[2026-02-13T21:05:01.055Z] AUTH_USER: sub=32f40f0c-1fe9-4b5b-95b3-7e3380930b07, email=applution@gmail.com
[2026-02-13T21:05:01.055Z] AUTH_USER: existing user found id=32f40f0c-1fe9-4b5b-95b3-7e3380930b07, returning this
[2026-02-13T21:05:01.069Z] AUTH_USER: sub=32f40f0c-1fe9-4b5b-95b3-7e3380930b07, email=applution@gmail.com
[2026-02-13T21:05:01.069Z] AUTH_USER: existing user found id=32f40f0c-1fe9-4b5b-95b3-7e3380930b07, returning this
[2026-02-13T21:05:01.285Z] AUTH_USER: sub=32f40f0c-1fe9-4b5b-95b3-7e3380930b07, email=applution@gmail.com
[2026-02-13T21:05:01.286Z] AUTH_USER: existing user found id=32f40f0c-1fe9-4b5b-95b3-7e3380930b07, returning this
[2026-02-13T21:05:01.290Z] AUTH_USER: sub=32f40f0c-1fe9-4b5b-95b3-7e3380930b07, email=applution@gmail.com
[2026-02-13T21:05:01.292Z] AUTH_USER: existing user found id=32f40f0c-1fe9-4b5b-95b3-7e3380930b07, returning this
[2026-02-13T21:05:01.298Z] AUTH_USER: sub=32f40f0c-1fe9-4b5b-95b3-7e3380930b07, email=applution@gmail.com
[2026-02-13T21:05:01.299Z] AUTH_USER: existing user found id=32f40f0c-1fe9-4b5b-95b3-7e3380930b07, returning this
[2026-02-13T21:05:01.301Z] AUTH_USER: sub=32f40f0c-1fe9-4b5b-95b3-7e3380930b07, email=applution@gmail.com
[2026-02-13T21:05:01.302Z] AUTH_USER: existing user found id=32f40f0c-1fe9-4b5b-95b3-7e3380930b07, returning this
[2026-02-13T21:05:01.305Z] AUTH_USER: sub=32f40f0c-1fe9-4b5b-95b3-7e3380930b07, email=applution@gmail.com
[2026-02-13T21:05:01.306Z] AUTH_USER: existing user found id=32f40f0c-1fe9-4b5b-95b3-7e3380930b07, returning this
[2026-02-13T21:05:39.698Z] AUTH_USER: sub=32f40f0c-1fe9-4b5b-95b3-7e3380930b07, email=applution@gmail.com
[2026-02-13T21:05:39.698Z] AUTH_USER: existing user found id=32f40f0c-1fe9-4b5b-95b3-7e3380930b07, returning this
[2026-02-13T21:05:39.703Z] AUTH_USER: sub=32f40f0c-1fe9-4b5b-95b3-7e3380930b07, email=applution@gmail.com
[2026-02-13T21:05:39.704Z] AUTH_USER: existing user found id=32f40f0c-1fe9-4b5b-95b3-7e3380930b07, returning this
[2026-02-13T21:05:39.707Z] AUTH_USER: sub=32f40f0c-1fe9-4b5b-95b3-7e3380930b07, email=applution@gmail.com
[2026-02-13T21:05:39.708Z] AUTH_USER: existing user found id=32f40f0c-1fe9-4b5b-95b3-7e3380930b07, returning this
[2026-02-13T21:05:39.712Z] AUTH_USER: sub=32f40f0c-1fe9-4b5b-95b3-7e3380930b07, email=applution@gmail.com
[2026-02-13T21:05:39.712Z] AUTH_USER: existing user found id=32f40f0c-1fe9-4b5b-95b3-7e3380930b07, returning this
[2026-02-13T21:05:39.718Z] AUTH_USER: sub=32f40f0c-1fe9-4b5b-95b3-7e3380930b07, email=applution@gmail.com
[2026-02-13T21:05:39.721Z] AUTH_USER: existing user found id=32f40f0c-1fe9-4b5b-95b3-7e3380930b07, returning this
[2026-02-13T21:05:39.724Z] AUTH_USER: sub=32f40f0c-1fe9-4b5b-95b3-7e3380930b07, email=applution@gmail.com
[2026-02-13T21:05:39.725Z] AUTH_USER: existing user found id=32f40f0c-1fe9-4b5b-95b3-7e3380930b07, returning this
[2026-02-13T21:05:39.729Z] AUTH_USER: sub=32f40f0c-1fe9-4b5b-95b3-7e3380930b07, email=applution@gmail.com
[2026-02-13T21:05:39.729Z] AUTH_USER: existing user found id=32f40f0c-1fe9-4b5b-95b3-7e3380930b07, returning this
[2026-02-13T21:05:39.732Z] AUTH_USER: sub=32f40f0c-1fe9-4b5b-95b3-7e3380930b07, email=applution@gmail.com
[2026-02-13T21:05:39.733Z] AUTH_USER: existing user found id=32f40f0c-1fe9-4b5b-95b3-7e3380930b07, returning this
[2026-02-13T21:05:39.737Z] AUTH_USER: sub=32f40f0c-1fe9-4b5b-95b3-7e3380930b07, email=applution@gmail.com
[2026-02-13T21:05:39.737Z] AUTH_USER: existing user found id=32f40f0c-1fe9-4b5b-95b3-7e3380930b07, returning this
[2026-02-13T21:05:39.740Z] AUTH_USER: sub=32f40f0c-1fe9-4b5b-95b3-7e3380930b07, email=applution@gmail.com
[2026-02-13T21:05:39.741Z] AUTH_USER: existing user found id=32f40f0c-1fe9-4b5b-95b3-7e3380930b07, returning this
[2026-02-13T21:09:06.017Z] AUTH_USER: sub=32f40f0c-1fe9-4b5b-95b3-7e3380930b07, email=applution@gmail.com
[2026-02-13T21:09:06.018Z] AUTH_USER: existing user found id=32f40f0c-1fe9-4b5b-95b3-7e3380930b07, returning this
[2026-02-13T21:09:06.021Z] AUTH_USER: sub=32f40f0c-1fe9-4b5b-95b3-7e3380930b07, email=applution@gmail.com
[2026-02-13T21:09:06.022Z] AUTH_USER: existing user found id=32f40f0c-1fe9-4b5b-95b3-7e3380930b07, returning this
[2026-02-13T21:09:06.025Z] AUTH_USER: sub=32f40f0c-1fe9-4b5b-95b3-7e3380930b07, email=applution@gmail.com
[2026-02-13T21:09:06.026Z] AUTH_USER: existing user found id=32f40f0c-1fe9-4b5b-95b3-7e3380930b07, returning this
[2026-02-13T21:09:06.028Z] AUTH_USER: sub=32f40f0c-1fe9-4b5b-95b3-7e3380930b07, email=applution@gmail.com
[2026-02-13T21:09:06.029Z] AUTH_USER: existing user found id=32f40f0c-1fe9-4b5b-95b3-7e3380930b07, returning this
[2026-02-13T21:09:06.031Z] AUTH_USER: sub=32f40f0c-1fe9-4b5b-95b3-7e3380930b07, email=applution@gmail.com
[2026-02-13T21:09:06.031Z] AUTH_USER: existing user found id=32f40f0c-1fe9-4b5b-95b3-7e3380930b07, returning this
[2026-02-13T21:11:53.003Z] AUTH_USER: sub=32f40f0c-1fe9-4b5b-95b3-7e3380930b07, email=applution@gmail.com
[2026-02-13T21:11:53.003Z] AUTH_USER: existing user found id=32f40f0c-1fe9-4b5b-95b3-7e3380930b07, returning this
[2026-02-13T21:11:53.005Z] AUTH_USER: sub=32f40f0c-1fe9-4b5b-95b3-7e3380930b07, email=applution@gmail.com
[2026-02-13T21:11:53.006Z] AUTH_USER: existing user found id=32f40f0c-1fe9-4b5b-95b3-7e3380930b07, returning this
[2026-02-13T21:11:56.198Z] AUTH_USER: sub=32f40f0c-1fe9-4b5b-95b3-7e3380930b07, email=applution@gmail.com
[2026-02-13T21:11:56.199Z] AUTH_USER: existing user found id=32f40f0c-1fe9-4b5b-95b3-7e3380930b07, returning this
[2026-02-13T21:11:56.215Z] AUTH_USER: sub=32f40f0c-1fe9-4b5b-95b3-7e3380930b07, email=applution@gmail.com
[2026-02-13T21:11:56.217Z] AUTH_USER: existing user found id=32f40f0c-1fe9-4b5b-95b3-7e3380930b07, returning this
[2026-02-13T21:15:25.758Z] EVENTS: req.user.claims.sub=32f40f0c-1fe9-4b5b-95b3-7e3380930b07, email=applution@gmail.com
[2026-02-13T21:15:26.065Z] AUTH_USER: sub=32f40f0c-1fe9-4b5b-95b3-7e3380930b07, email=applution@gmail.com
[2026-02-13T21:15:26.065Z] AUTH_USER: existing user found id=32f40f0c-1fe9-4b5b-95b3-7e3380930b07, returning this
[2026-02-13T21:15:26.216Z] EVENTS: found 9 events for userId=32f40f0c-1fe9-4b5b-95b3-7e3380930b07
[2026-02-13T21:16:18.899Z] AUTH_USER: sub=32f40f0c-1fe9-4b5b-95b3-7e3380930b07, email=applution@gmail.com
[2026-02-13T21:16:18.900Z] AUTH_USER: existing user found id=32f40f0c-1fe9-4b5b-95b3-7e3380930b07, returning this
[2026-02-13T21:16:19.314Z] AUTH_USER: sub=32f40f0c-1fe9-4b5b-95b3-7e3380930b07, email=applution@gmail.com
[2026-02-13T21:16:19.315Z] AUTH_USER: existing user found id=32f40f0c-1fe9-4b5b-95b3-7e3380930b07, returning this
[2026-02-13T21:16:19.795Z] AUTH_USER: sub=32f40f0c-1fe9-4b5b-95b3-7e3380930b07, email=applution@gmail.com
[2026-02-13T21:16:19.796Z] AUTH_USER: existing user found id=32f40f0c-1fe9-4b5b-95b3-7e3380930b07, returning this
[2026-02-13T21:16:19.821Z] AUTH_USER: sub=32f40f0c-1fe9-4b5b-95b3-7e3380930b07, email=applution@gmail.com
[2026-02-13T21:16:19.822Z] AUTH_USER: existing user found id=32f40f0c-1fe9-4b5b-95b3-7e3380930b07, returning this
[2026-02-13T21:17:28.016Z] EVENTS: req.user.claims.sub=32f40f0c-1fe9-4b5b-95b3-7e3380930b07, email=applution@gmail.com
[2026-02-13T21:17:28.017Z] EVENTS: found 9 events for userId=32f40f0c-1fe9-4b5b-95b3-7e3380930b07
[2026-02-13T21:17:28.019Z] EVENTS: req.user.claims.sub=32f40f0c-1fe9-4b5b-95b3-7e3380930b07, email=applution@gmail.com
[2026-02-13T21:17:28.020Z] EVENTS: found 9 events for userId=32f40f0c-1fe9-4b5b-95b3-7e3380930b07
[2026-02-13T21:17:28.021Z] EVENTS: req.user.claims.sub=32f40f0c-1fe9-4b5b-95b3-7e3380930b07, email=applution@gmail.com
[2026-02-13T21:17:28.021Z] EVENTS: found 9 events for userId=32f40f0c-1fe9-4b5b-95b3-7e3380930b07
[2026-02-13T21:17:28.062Z] AUTH_USER: sub=32f40f0c-1fe9-4b5b-95b3-7e3380930b07, email=applution@gmail.com
[2026-02-13T21:17:28.062Z] AUTH_USER: existing user found id=32f40f0c-1fe9-4b5b-95b3-7e3380930b07, returning this
[2026-02-13T21:17:31.917Z] AUTH_USER: sub=32f40f0c-1fe9-4b5b-95b3-7e3380930b07, email=applution@gmail.com
[2026-02-13T21:17:31.920Z] AUTH_USER: existing user found id=32f40f0c-1fe9-4b5b-95b3-7e3380930b07, returning this
[2026-02-13T21:17:31.934Z] AUTH_USER: sub=32f40f0c-1fe9-4b5b-95b3-7e3380930b07, email=applution@gmail.com
[2026-02-13T21:17:31.935Z] AUTH_USER: existing user found id=32f40f0c-1fe9-4b5b-95b3-7e3380930b07, returning this
[2026-02-13T21:17:31.938Z] AUTH_USER: sub=32f40f0c-1fe9-4b5b-95b3-7e3380930b07, email=applution@gmail.com
[2026-02-13T21:17:31.938Z] AUTH_USER: existing user found id=32f40f0c-1fe9-4b5b-95b3-7e3380930b07, returning this
[2026-02-13T21:17:31.941Z] AUTH_USER: sub=32f40f0c-1fe9-4b5b-95b3-7e3380930b07, email=applution@gmail.com
[2026-02-13T21:17:31.942Z] AUTH_USER: existing user found id=32f40f0c-1fe9-4b5b-95b3-7e3380930b07, returning this
[2026-02-13T21:17:32.184Z] AUTH_USER: sub=32f40f0c-1fe9-4b5b-95b3-7e3380930b07, email=applution@gmail.com
[2026-02-13T21:17:32.199Z] AUTH_USER: existing user found id=32f40f0c-1fe9-4b5b-95b3-7e3380930b07, returning this
[2026-02-13T21:17:32.248Z] AUTH_USER: sub=32f40f0c-1fe9-4b5b-95b3-7e3380930b07, email=applution@gmail.com
[2026-02-13T21:17:32.260Z] AUTH_USER: existing user found id=32f40f0c-1fe9-4b5b-95b3-7e3380930b07, returning this
[2026-02-13T21:17:32.272Z] AUTH_USER: sub=32f40f0c-1fe9-4b5b-95b3-7e3380930b07, email=applution@gmail.com
[2026-02-13T21:17:32.273Z] AUTH_USER: existing user found id=32f40f0c-1fe9-4b5b-95b3-7e3380930b07, returning this
[2026-02-13T21:17:32.277Z] AUTH_USER: sub=32f40f0c-1fe9-4b5b-95b3-7e3380930b07, email=applution@gmail.com
[2026-02-13T21:17:32.280Z] AUTH_USER: existing user found id=32f40f0c-1fe9-4b5b-95b3-7e3380930b07, returning this
[2026-02-13T21:17:40.034Z] EVENTS: req.user.claims.sub=32f40f0c-1fe9-4b5b-95b3-7e3380930b07, email=applution@gmail.com
[2026-02-13T21:17:40.035Z] EVENTS: found 9 events for userId=32f40f0c-1fe9-4b5b-95b3-7e3380930b07
[2026-02-13T21:17:40.037Z] EVENTS: req.user.claims.sub=32f40f0c-1fe9-4b5b-95b3-7e3380930b07, email=applution@gmail.com
[2026-02-13T21:17:40.038Z] EVENTS: found 9 events for userId=32f40f0c-1fe9-4b5b-95b3-7e3380930b07
[2026-02-13T21:17:40.191Z] EVENTS: req.user.claims.sub=32f40f0c-1fe9-4b5b-95b3-7e3380930b07, email=applution@gmail.com
[2026-02-13T21:17:40.192Z] EVENTS: found 9 events for userId=32f40f0c-1fe9-4b5b-95b3-7e3380930b07
[2026-02-13T21:17:40.205Z] EVENTS: req.user.claims.sub=32f40f0c-1fe9-4b5b-95b3-7e3380930b07, email=applution@gmail.com
[2026-02-13T21:17:40.206Z] EVENTS: found 9 events for userId=32f40f0c-1fe9-4b5b-95b3-7e3380930b07
[2026-02-13T21:17:40.605Z] EVENTS: req.user.claims.sub=32f40f0c-1fe9-4b5b-95b3-7e3380930b07, email=applution@gmail.com
[2026-02-13T21:17:40.606Z] EVENTS: found 9 events for userId=32f40f0c-1fe9-4b5b-95b3-7e3380930b07
[2026-02-13T21:17:40.607Z] EVENTS: req.user.claims.sub=32f40f0c-1fe9-4b5b-95b3-7e3380930b07, email=applution@gmail.com
[2026-02-13T21:17:40.608Z] EVENTS: found 9 events for userId=32f40f0c-1fe9-4b5b-95b3-7e3380930b07
[2026-02-13T21:17:40.609Z] EVENTS: req.user.claims.sub=32f40f0c-1fe9-4b5b-95b3-7e3380930b07, email=applution@gmail.com
[2026-02-13T21:17:40.610Z] EVENTS: found 9 events for userId=32f40f0c-1fe9-4b5b-95b3-7e3380930b07
[2026-02-13T21:17:40.612Z] EVENTS: req.user.claims.sub=32f40f0c-1fe9-4b5b-95b3-7e3380930b07, email=applution@gmail.com
[2026-02-13T21:17:40.613Z] EVENTS: found 9 events for userId=32f40f0c-1fe9-4b5b-95b3-7e3380930b07
[2026-02-13T21:17:40.771Z] EVENTS: req.user.claims.sub=32f40f0c-1fe9-4b5b-95b3-7e3380930b07, email=applution@gmail.com
[2026-02-13T21:17:40.771Z] EVENTS: found 9 events for userId=32f40f0c-1fe9-4b5b-95b3-7e3380930b07
[2026-02-13T21:17:40.782Z] EVENTS: req.user.claims.sub=32f40f0c-1fe9-4b5b-95b3-7e3380930b07, email=applution@gmail.com
[2026-02-13T21:17:40.783Z] EVENTS: found 9 events for userId=32f40f0c-1fe9-4b5b-95b3-7e3380930b07
[2026-02-13T21:17:41.115Z] EVENTS: req.user.claims.sub=32f40f0c-1fe9-4b5b-95b3-7e3380930b07, email=applution@gmail.com
[2026-02-13T21:17:41.117Z] EVENTS: found 9 events for userId=32f40f0c-1fe9-4b5b-95b3-7e3380930b07
[2026-02-13T21:17:41.118Z] EVENTS: req.user.claims.sub=32f40f0c-1fe9-4b5b-95b3-7e3380930b07, email=applution@gmail.com
[2026-02-13T21:17:41.120Z] EVENTS: found 9 events for userId=32f40f0c-1fe9-4b5b-95b3-7e3380930b07
[2026-02-13T21:17:41.122Z] EVENTS: req.user.claims.sub=32f40f0c-1fe9-4b5b-95b3-7e3380930b07, email=applution@gmail.com
[2026-02-13T21:17:41.123Z] EVENTS: found 9 events for userId=32f40f0c-1fe9-4b5b-95b3-7e3380930b07
[2026-02-13T21:17:41.124Z] EVENTS: req.user.claims.sub=32f40f0c-1fe9-4b5b-95b3-7e3380930b07, email=applution@gmail.com
[2026-02-13T21:17:41.124Z] EVENTS: found 9 events for userId=32f40f0c-1fe9-4b5b-95b3-7e3380930b07
[2026-02-13T21:17:41.126Z] EVENTS: req.user.claims.sub=32f40f0c-1fe9-4b5b-95b3-7e3380930b07, email=applution@gmail.com
[2026-02-13T21:17:41.126Z] EVENTS: found 9 events for userId=32f40f0c-1fe9-4b5b-95b3-7e3380930b07
[2026-02-13T21:17:41.128Z] EVENTS: req.user.claims.sub=32f40f0c-1fe9-4b5b-95b3-7e3380930b07, email=applution@gmail.com
[2026-02-13T21:17:41.129Z] EVENTS: found 9 events for userId=32f40f0c-1fe9-4b5b-95b3-7e3380930b07
[2026-02-13T21:17:41.430Z] EVENTS: req.user.claims.sub=32f40f0c-1fe9-4b5b-95b3-7e3380930b07, email=applution@gmail.com
[2026-02-13T21:17:41.432Z] EVENTS: found 9 events for userId=32f40f0c-1fe9-4b5b-95b3-7e3380930b07
[2026-02-13T21:17:41.433Z] EVENTS: req.user.claims.sub=32f40f0c-1fe9-4b5b-95b3-7e3380930b07, email=applution@gmail.com
[2026-02-13T21:17:41.434Z] EVENTS: found 9 events for userId=32f40f0c-1fe9-4b5b-95b3-7e3380930b07
[2026-02-13T21:17:41.437Z] EVENTS: req.user.claims.sub=32f40f0c-1fe9-4b5b-95b3-7e3380930b07, email=applution@gmail.com
[2026-02-13T21:17:41.438Z] EVENTS: found 9 events for userId=32f40f0c-1fe9-4b5b-95b3-7e3380930b07
[2026-02-13T21:17:41.439Z] EVENTS: req.user.claims.sub=32f40f0c-1fe9-4b5b-95b3-7e3380930b07, email=applution@gmail.com
[2026-02-13T21:17:41.439Z] EVENTS: found 9 events for userId=32f40f0c-1fe9-4b5b-95b3-7e3380930b07
[2026-02-13T21:17:41.484Z] EVENTS: req.user.claims.sub=32f40f0c-1fe9-4b5b-95b3-7e3380930b07, email=applution@gmail.com
[2026-02-13T21:17:41.484Z] EVENTS: found 9 events for userId=32f40f0c-1fe9-4b5b-95b3-7e3380930b07
[2026-02-13T21:17:41.515Z] EVENTS: req.user.claims.sub=32f40f0c-1fe9-4b5b-95b3-7e3380930b07, email=applution@gmail.com
[2026-02-13T21:17:41.516Z] EVENTS: found 9 events for userId=32f40f0c-1fe9-4b5b-95b3-7e3380930b07
[2026-02-13T21:28:43.668Z] AUTH_USER: sub=32f40f0c-1fe9-4b5b-95b3-7e3380930b07, email=applution@gmail.com
[2026-02-13T21:28:43.669Z] AUTH_USER: existing user found id=32f40f0c-1fe9-4b5b-95b3-7e3380930b07, returning this
[2026-02-13T21:28:43.670Z] AUTH_USER: sub=32f40f0c-1fe9-4b5b-95b3-7e3380930b07, email=applution@gmail.com
[2026-02-13T21:28:43.671Z] AUTH_USER: existing user found id=32f40f0c-1fe9-4b5b-95b3-7e3380930b07, returning this
[2026-02-13T21:28:43.673Z] AUTH_USER: sub=32f40f0c-1fe9-4b5b-95b3-7e3380930b07, email=applution@gmail.com
[2026-02-13T21:28:43.673Z] AUTH_USER: existing user found id=32f40f0c-1fe9-4b5b-95b3-7e3380930b07, returning this
[2026-02-13T21:28:43.675Z] AUTH_USER: sub=32f40f0c-1fe9-4b5b-95b3-7e3380930b07, email=applution@gmail.com
[2026-02-13T21:28:43.676Z] AUTH_USER: existing user found id=32f40f0c-1fe9-4b5b-95b3-7e3380930b07, returning this
[2026-02-13T21:28:43.677Z] AUTH_USER: sub=32f40f0c-1fe9-4b5b-95b3-7e3380930b07, email=applution@gmail.com
[2026-02-13T21:28:43.678Z] AUTH_USER: existing user found id=32f40f0c-1fe9-4b5b-95b3-7e3380930b07, returning this
[2026-02-13T21:28:43.736Z] DASHBOARD: using claims.sub userId=32f40f0c-1fe9-4b5b-95b3-7e3380930b07, email=applution@gmail.com
[2026-02-13T21:28:43.741Z] AUTH_USER: sub=32f40f0c-1fe9-4b5b-95b3-7e3380930b07, email=applution@gmail.com
[2026-02-13T21:28:43.742Z] AUTH_USER: existing user found id=32f40f0c-1fe9-4b5b-95b3-7e3380930b07, returning this
[2026-02-13T21:28:43.758Z] AUTH_USER: sub=32f40f0c-1fe9-4b5b-95b3-7e3380930b07, email=applution@gmail.com
[2026-02-13T21:28:43.759Z] AUTH_USER: existing user found id=32f40f0c-1fe9-4b5b-95b3-7e3380930b07, returning this
[2026-02-13T21:28:43.768Z] AUTH_USER: sub=32f40f0c-1fe9-4b5b-95b3-7e3380930b07, email=applution@gmail.com
[2026-02-13T21:28:43.769Z] AUTH_USER: existing user found id=32f40f0c-1fe9-4b5b-95b3-7e3380930b07, returning this
[2026-02-13T21:28:43.779Z] AUTH_USER: sub=32f40f0c-1fe9-4b5b-95b3-7e3380930b07, email=applution@gmail.com
[2026-02-13T21:28:43.780Z] AUTH_USER: existing user found id=32f40f0c-1fe9-4b5b-95b3-7e3380930b07, returning this
[2026-02-13T21:28:44.143Z] DASHBOARD: getEventsByUser(32f40f0c-1fe9-4b5b-95b3-7e3380930b07) returned 9 events
[2026-02-13T21:35:13.002Z] AUTH_USER: sub=32f40f0c-1fe9-4b5b-95b3-7e3380930b07, email=applution@gmail.com
[2026-02-13T21:35:13.003Z] AUTH_USER: existing user found id=32f40f0c-1fe9-4b5b-95b3-7e3380930b07, returning this
[2026-02-13T21:35:13.005Z] AUTH_USER: sub=32f40f0c-1fe9-4b5b-95b3-7e3380930b07, email=applution@gmail.com
[2026-02-13T21:35:13.006Z] AUTH_USER: existing user found id=32f40f0c-1fe9-4b5b-95b3-7e3380930b07, returning this
[2026-02-13T21:35:13.007Z] AUTH_USER: sub=32f40f0c-1fe9-4b5b-95b3-7e3380930b07, email=applution@gmail.com
[2026-02-13T21:35:13.008Z] AUTH_USER: existing user found id=32f40f0c-1fe9-4b5b-95b3-7e3380930b07, returning this
[2026-02-13T21:35:13.010Z] AUTH_USER: sub=32f40f0c-1fe9-4b5b-95b3-7e3380930b07, email=applution@gmail.com
[2026-02-13T21:35:13.010Z] AUTH_USER: existing user found id=32f40f0c-1fe9-4b5b-95b3-7e3380930b07, returning this
[2026-02-13T21:35:13.012Z] AUTH_USER: sub=32f40f0c-1fe9-4b5b-95b3-7e3380930b07, email=applution@gmail.com
[2026-02-13T21:35:13.012Z] AUTH_USER: existing user found id=32f40f0c-1fe9-4b5b-95b3-7e3380930b07, returning this
[2026-02-13T21:35:13.069Z] DASHBOARD: using claims.sub userId=32f40f0c-1fe9-4b5b-95b3-7e3380930b07, email=applution@gmail.com
[2026-02-13T21:35:13.095Z] AUTH_USER: sub=32f40f0c-1fe9-4b5b-95b3-7e3380930b07, email=applution@gmail.com
[2026-02-13T21:35:13.096Z] AUTH_USER: existing user found id=32f40f0c-1fe9-4b5b-95b3-7e3380930b07, returning this
[2026-02-13T21:35:13.115Z] AUTH_USER: sub=32f40f0c-1fe9-4b5b-95b3-7e3380930b07, email=applution@gmail.com
[2026-02-13T21:35:13.116Z] AUTH_USER: existing user found id=32f40f0c-1fe9-4b5b-95b3-7e3380930b07, returning this
[2026-02-13T21:35:13.123Z] AUTH_USER: sub=32f40f0c-1fe9-4b5b-95b3-7e3380930b07, email=applution@gmail.com
[2026-02-13T21:35:13.124Z] AUTH_USER: existing user found id=32f40f0c-1fe9-4b5b-95b3-7e3380930b07, returning this
[2026-02-13T21:35:13.126Z] AUTH_USER: sub=32f40f0c-1fe9-4b5b-95b3-7e3380930b07, email=applution@gmail.com
[2026-02-13T21:35:13.127Z] AUTH_USER: existing user found id=32f40f0c-1fe9-4b5b-95b3-7e3380930b07, returning this
[2026-02-13T21:35:13.519Z] DASHBOARD: getEventsByUser(32f40f0c-1fe9-4b5b-95b3-7e3380930b07) returned 9 events
[2026-02-13T21:35:33.494Z] AUTH_USER: sub=32f40f0c-1fe9-4b5b-95b3-7e3380930b07, email=applution@gmail.com
[2026-02-13T21:35:33.501Z] AUTH_USER: existing user found id=32f40f0c-1fe9-4b5b-95b3-7e3380930b07, returning this
[2026-02-13T21:35:33.513Z] AUTH_USER: sub=32f40f0c-1fe9-4b5b-95b3-7e3380930b07, email=applution@gmail.com
[2026-02-13T21:35:33.514Z] AUTH_USER: existing user found id=32f40f0c-1fe9-4b5b-95b3-7e3380930b07, returning this
[2026-02-13T21:35:33.517Z] AUTH_USER: sub=32f40f0c-1fe9-4b5b-95b3-7e3380930b07, email=applution@gmail.com
[2026-02-13T21:35:33.518Z] AUTH_USER: existing user found id=32f40f0c-1fe9-4b5b-95b3-7e3380930b07, returning this
[2026-02-13T21:35:33.521Z] AUTH_USER: sub=32f40f0c-1fe9-4b5b-95b3-7e3380930b07, email=applution@gmail.com
[2026-02-13T21:35:33.522Z] AUTH_USER: existing user found id=32f40f0c-1fe9-4b5b-95b3-7e3380930b07, returning this
[2026-02-13T21:35:33.526Z] AUTH_USER: sub=32f40f0c-1fe9-4b5b-95b3-7e3380930b07, email=applution@gmail.com
[2026-02-13T21:35:33.527Z] AUTH_USER: existing user found id=32f40f0c-1fe9-4b5b-95b3-7e3380930b07, returning this
[2026-02-13T21:35:33.534Z] AUTH_USER: sub=32f40f0c-1fe9-4b5b-95b3-7e3380930b07, email=applution@gmail.com
[2026-02-13T21:35:33.535Z] AUTH_USER: existing user found id=32f40f0c-1fe9-4b5b-95b3-7e3380930b07, returning this
[2026-02-13T21:35:33.539Z] AUTH_USER: sub=32f40f0c-1fe9-4b5b-95b3-7e3380930b07, email=applution@gmail.com
[2026-02-13T21:35:33.540Z] AUTH_USER: existing user found id=32f40f0c-1fe9-4b5b-95b3-7e3380930b07, returning this
[2026-02-13T21:35:33.545Z] AUTH_USER: sub=32f40f0c-1fe9-4b5b-95b3-7e3380930b07, email=applution@gmail.com
[2026-02-13T21:35:33.546Z] AUTH_USER: existing user found id=32f40f0c-1fe9-4b5b-95b3-7e3380930b07, returning this
[2026-02-13T21:35:33.549Z] AUTH_USER: sub=32f40f0c-1fe9-4b5b-95b3-7e3380930b07, email=applution@gmail.com
[2026-02-13T21:35:33.549Z] AUTH_USER: existing user found id=32f40f0c-1fe9-4b5b-95b3-7e3380930b07, returning this
[2026-02-13T21:36:03.736Z] AUTH_USER: sub=32f40f0c-1fe9-4b5b-95b3-7e3380930b07, email=applution@gmail.com
[2026-02-13T21:36:03.737Z] AUTH_USER: existing user found id=32f40f0c-1fe9-4b5b-95b3-7e3380930b07, returning this
[2026-02-13T21:36:03.754Z] AUTH_USER: sub=32f40f0c-1fe9-4b5b-95b3-7e3380930b07, email=applution@gmail.com
[2026-02-13T21:36:03.757Z] AUTH_USER: existing user found id=32f40f0c-1fe9-4b5b-95b3-7e3380930b07, returning this
[2026-02-13T21:36:03.785Z] AUTH_USER: sub=32f40f0c-1fe9-4b5b-95b3-7e3380930b07, email=applution@gmail.com
[2026-02-13T21:36:03.788Z] AUTH_USER: existing user found id=32f40f0c-1fe9-4b5b-95b3-7e3380930b07, returning this
[2026-02-13T21:36:03.792Z] AUTH_USER: sub=32f40f0c-1fe9-4b5b-95b3-7e3380930b07, email=applution@gmail.com
[2026-02-13T21:36:03.793Z] AUTH_USER: existing user found id=32f40f0c-1fe9-4b5b-95b3-7e3380930b07, returning this
[2026-02-13T21:36:03.796Z] AUTH_USER: sub=32f40f0c-1fe9-4b5b-95b3-7e3380930b07, email=applution@gmail.com
[2026-02-13T21:36:03.797Z] AUTH_USER: existing user found id=32f40f0c-1fe9-4b5b-95b3-7e3380930b07, returning this
[2026-02-13T21:36:03.826Z] AUTH_USER: sub=32f40f0c-1fe9-4b5b-95b3-7e3380930b07, email=applution@gmail.com
[2026-02-13T21:36:03.827Z] AUTH_USER: existing user found id=32f40f0c-1fe9-4b5b-95b3-7e3380930b07, returning this
[2026-02-13T21:36:03.834Z] AUTH_USER: sub=32f40f0c-1fe9-4b5b-95b3-7e3380930b07, email=applution@gmail.com
[2026-02-13T21:36:03.836Z] AUTH_USER: existing user found id=32f40f0c-1fe9-4b5b-95b3-7e3380930b07, returning this
[2026-02-13T21:36:03.839Z] AUTH_USER: sub=32f40f0c-1fe9-4b5b-95b3-7e3380930b07, email=applution@gmail.com
[2026-02-13T21:36:03.841Z] AUTH_USER: existing user found id=32f40f0c-1fe9-4b5b-95b3-7e3380930b07, returning this
[2026-02-13T21:36:03.846Z] AUTH_USER: sub=32f40f0c-1fe9-4b5b-95b3-7e3380930b07, email=applution@gmail.com
[2026-02-13T21:36:03.850Z] AUTH_USER: existing user found id=32f40f0c-1fe9-4b5b-95b3-7e3380930b07, returning this
[2026-02-13T21:36:04.145Z] AUTH_USER: sub=32f40f0c-1fe9-4b5b-95b3-7e3380930b07, email=applution@gmail.com
[2026-02-13T21:36:04.146Z] AUTH_USER: existing user found id=32f40f0c-1fe9-4b5b-95b3-7e3380930b07, returning this
[2026-02-13T21:36:04.150Z] AUTH_USER: sub=32f40f0c-1fe9-4b5b-95b3-7e3380930b07, email=applution@gmail.com
[2026-02-13T21:36:04.151Z] AUTH_USER: existing user found id=32f40f0c-1fe9-4b5b-95b3-7e3380930b07, returning this
[2026-02-13T21:36:04.155Z] AUTH_USER: sub=32f40f0c-1fe9-4b5b-95b3-7e3380930b07, email=applution@gmail.com
[2026-02-13T21:36:04.156Z] AUTH_USER: existing user found id=32f40f0c-1fe9-4b5b-95b3-7e3380930b07, returning this
[2026-02-13T21:36:04.158Z] AUTH_USER: sub=32f40f0c-1fe9-4b5b-95b3-7e3380930b07, email=applution@gmail.com
[2026-02-13T21:36:04.159Z] AUTH_USER: existing user found id=32f40f0c-1fe9-4b5b-95b3-7e3380930b07, returning this
[2026-02-13T21:36:04.162Z] AUTH_USER: sub=32f40f0c-1fe9-4b5b-95b3-7e3380930b07, email=applution@gmail.com
[2026-02-13T21:36:04.163Z] AUTH_USER: existing user found id=32f40f0c-1fe9-4b5b-95b3-7e3380930b07, returning this
[2026-02-13T21:36:04.168Z] AUTH_USER: sub=32f40f0c-1fe9-4b5b-95b3-7e3380930b07, email=applution@gmail.com
[2026-02-13T21:36:04.168Z] AUTH_USER: existing user found id=32f40f0c-1fe9-4b5b-95b3-7e3380930b07, returning this
[2026-02-13T21:36:04.171Z] AUTH_USER: sub=32f40f0c-1fe9-4b5b-95b3-7e3380930b07, email=applution@gmail.com
[2026-02-13T21:36:04.171Z] AUTH_USER: existing user found id=32f40f0c-1fe9-4b5b-95b3-7e3380930b07, returning this
[2026-02-13T21:36:04.173Z] AUTH_USER: sub=32f40f0c-1fe9-4b5b-95b3-7e3380930b07, email=applution@gmail.com
[2026-02-13T21:36:04.174Z] AUTH_USER: existing user found id=32f40f0c-1fe9-4b5b-95b3-7e3380930b07, returning this
[2026-02-13T21:36:04.176Z] AUTH_USER: sub=32f40f0c-1fe9-4b5b-95b3-7e3380930b07, email=applution@gmail.com
[2026-02-13T21:36:04.178Z] AUTH_USER: existing user found id=32f40f0c-1fe9-4b5b-95b3-7e3380930b07, returning this
[2026-02-13T21:36:18.254Z] EVENTS: req.user.claims.sub=32f40f0c-1fe9-4b5b-95b3-7e3380930b07, email=applution@gmail.com
[2026-02-13T21:36:18.254Z] EVENTS: found 9 events for userId=32f40f0c-1fe9-4b5b-95b3-7e3380930b07
[2026-02-13T21:36:18.263Z] AUTH_USER: sub=32f40f0c-1fe9-4b5b-95b3-7e3380930b07, email=applution@gmail.com
[2026-02-13T21:36:18.264Z] AUTH_USER: existing user found id=32f40f0c-1fe9-4b5b-95b3-7e3380930b07, returning this
[2026-02-13T21:36:47.176Z] AUTH_USER: sub=32f40f0c-1fe9-4b5b-95b3-7e3380930b07, email=applution@gmail.com
[2026-02-13T21:36:47.177Z] AUTH_USER: existing user found id=32f40f0c-1fe9-4b5b-95b3-7e3380930b07, returning this
[2026-02-13T21:36:50.966Z] AUTH_USER: sub=32f40f0c-1fe9-4b5b-95b3-7e3380930b07, email=applution@gmail.com
[2026-02-13T21:36:50.966Z] AUTH_USER: existing user found id=32f40f0c-1fe9-4b5b-95b3-7e3380930b07, returning this
[2026-02-13T21:36:55.127Z] AUTH_USER: sub=32f40f0c-1fe9-4b5b-95b3-7e3380930b07, email=applution@gmail.com
[2026-02-13T21:36:55.128Z] AUTH_USER: existing user found id=32f40f0c-1fe9-4b5b-95b3-7e3380930b07, returning this
[2026-02-13T21:36:55.156Z] AUTH_USER: sub=32f40f0c-1fe9-4b5b-95b3-7e3380930b07, email=applution@gmail.com
[2026-02-13T21:36:55.157Z] AUTH_USER: existing user found id=32f40f0c-1fe9-4b5b-95b3-7e3380930b07, returning this
[2026-02-13T21:37:06.266Z] AUTH_USER: sub=32f40f0c-1fe9-4b5b-95b3-7e3380930b07, email=applution@gmail.com
[2026-02-13T21:37:06.267Z] AUTH_USER: existing user found id=32f40f0c-1fe9-4b5b-95b3-7e3380930b07, returning this
[2026-02-13T21:37:06.269Z] AUTH_USER: sub=32f40f0c-1fe9-4b5b-95b3-7e3380930b07, email=applution@gmail.com
[2026-02-13T21:37:06.270Z] AUTH_USER: existing user found id=32f40f0c-1fe9-4b5b-95b3-7e3380930b07, returning this
[2026-02-13T21:37:06.272Z] AUTH_USER: sub=32f40f0c-1fe9-4b5b-95b3-7e3380930b07, email=applution@gmail.com
[2026-02-13T21:37:06.272Z] AUTH_USER: existing user found id=32f40f0c-1fe9-4b5b-95b3-7e3380930b07, returning this
[2026-02-13T21:37:06.275Z] AUTH_USER: sub=32f40f0c-1fe9-4b5b-95b3-7e3380930b07, email=applution@gmail.com
[2026-02-13T21:37:06.275Z] AUTH_USER: existing user found id=32f40f0c-1fe9-4b5b-95b3-7e3380930b07, returning this
[2026-02-13T21:37:06.277Z] AUTH_USER: sub=32f40f0c-1fe9-4b5b-95b3-7e3380930b07, email=applution@gmail.com
[2026-02-13T21:37:06.278Z] AUTH_USER: existing user found id=32f40f0c-1fe9-4b5b-95b3-7e3380930b07, returning this
[2026-02-13T21:37:06.279Z] AUTH_USER: sub=32f40f0c-1fe9-4b5b-95b3-7e3380930b07, email=applution@gmail.com
[2026-02-13T21:37:06.280Z] AUTH_USER: existing user found id=32f40f0c-1fe9-4b5b-95b3-7e3380930b07, returning this
[2026-02-13T21:37:06.281Z] AUTH_USER: sub=32f40f0c-1fe9-4b5b-95b3-7e3380930b07, email=applution@gmail.com
[2026-02-13T21:37:06.282Z] AUTH_USER: existing user found id=32f40f0c-1fe9-4b5b-95b3-7e3380930b07, returning this
[2026-02-13T21:37:06.284Z] AUTH_USER: sub=32f40f0c-1fe9-4b5b-95b3-7e3380930b07, email=applution@gmail.com
[2026-02-13T21:37:06.284Z] AUTH_USER: existing user found id=32f40f0c-1fe9-4b5b-95b3-7e3380930b07, returning this
[2026-02-13T21:37:06.286Z] AUTH_USER: sub=32f40f0c-1fe9-4b5b-95b3-7e3380930b07, email=applution@gmail.com
[2026-02-13T21:37:06.287Z] AUTH_USER: existing user found id=32f40f0c-1fe9-4b5b-95b3-7e3380930b07, returning this
[2026-02-13T21:37:06.291Z] AUTH_USER: sub=32f40f0c-1fe9-4b5b-95b3-7e3380930b07, email=applution@gmail.com
[2026-02-13T21:37:06.291Z] AUTH_USER: existing user found id=32f40f0c-1fe9-4b5b-95b3-7e3380930b07, returning this
[2026-02-13T21:37:06.293Z] AUTH_USER: sub=32f40f0c-1fe9-4b5b-95b3-7e3380930b07, email=applution@gmail.com
[2026-02-13T21:37:06.294Z] AUTH_USER: existing user found id=32f40f0c-1fe9-4b5b-95b3-7e3380930b07, returning this
[2026-02-13T21:37:06.295Z] AUTH_USER: sub=32f40f0c-1fe9-4b5b-95b3-7e3380930b07, email=applution@gmail.com
[2026-02-13T21:37:06.296Z] AUTH_USER: existing user found id=32f40f0c-1fe9-4b5b-95b3-7e3380930b07, returning this
[2026-02-13T21:37:06.297Z] AUTH_USER: sub=32f40f0c-1fe9-4b5b-95b3-7e3380930b07, email=applution@gmail.com
[2026-02-13T21:37:06.298Z] AUTH_USER: existing user found id=32f40f0c-1fe9-4b5b-95b3-7e3380930b07, returning this
[2026-02-13T21:37:06.299Z] AUTH_USER: sub=32f40f0c-1fe9-4b5b-95b3-7e3380930b07, email=applution@gmail.com
[2026-02-13T21:37:06.300Z] AUTH_USER: existing user found id=32f40f0c-1fe9-4b5b-95b3-7e3380930b07, returning this
[2026-02-13T21:37:06.303Z] AUTH_USER: sub=32f40f0c-1fe9-4b5b-95b3-7e3380930b07, email=applution@gmail.com
[2026-02-13T21:37:06.304Z] AUTH_USER: existing user found id=32f40f0c-1fe9-4b5b-95b3-7e3380930b07, returning this
[2026-02-13T21:37:06.306Z] AUTH_USER: sub=32f40f0c-1fe9-4b5b-95b3-7e3380930b07, email=applution@gmail.com
[2026-02-13T21:37:06.306Z] AUTH_USER: existing user found id=32f40f0c-1fe9-4b5b-95b3-7e3380930b07, returning this
[2026-02-13T21:37:06.308Z] AUTH_USER: sub=32f40f0c-1fe9-4b5b-95b3-7e3380930b07, email=applution@gmail.com
[2026-02-13T21:37:06.308Z] AUTH_USER: existing user found id=32f40f0c-1fe9-4b5b-95b3-7e3380930b07, returning this
[2026-02-13T21:37:06.310Z] AUTH_USER: sub=32f40f0c-1fe9-4b5b-95b3-7e3380930b07, email=applution@gmail.com
[2026-02-13T21:37:06.311Z] AUTH_USER: existing user found id=32f40f0c-1fe9-4b5b-95b3-7e3380930b07, returning this
[2026-02-13T21:37:07.045Z] AUTH_USER: sub=32f40f0c-1fe9-4b5b-95b3-7e3380930b07, email=applution@gmail.com
[2026-02-13T21:37:07.046Z] AUTH_USER: existing user found id=32f40f0c-1fe9-4b5b-95b3-7e3380930b07, returning this
[2026-02-13T21:37:07.060Z] AUTH_USER: sub=32f40f0c-1fe9-4b5b-95b3-7e3380930b07, email=applution@gmail.com
[2026-02-13T21:37:07.062Z] AUTH_USER: existing user found id=32f40f0c-1fe9-4b5b-95b3-7e3380930b07, returning this
[2026-02-13T21:37:07.066Z] AUTH_USER: sub=32f40f0c-1fe9-4b5b-95b3-7e3380930b07, email=applution@gmail.com
[2026-02-13T21:37:07.067Z] AUTH_USER: existing user found id=32f40f0c-1fe9-4b5b-95b3-7e3380930b07, returning this
[2026-02-13T21:37:07.070Z] AUTH_USER: sub=32f40f0c-1fe9-4b5b-95b3-7e3380930b07, email=applution@gmail.com
[2026-02-13T21:37:07.071Z] AUTH_USER: existing user found id=32f40f0c-1fe9-4b5b-95b3-7e3380930b07, returning this
[2026-02-13T21:37:07.074Z] AUTH_USER: sub=32f40f0c-1fe9-4b5b-95b3-7e3380930b07, email=applution@gmail.com
[2026-02-13T21:37:07.078Z] AUTH_USER: existing user found id=32f40f0c-1fe9-4b5b-95b3-7e3380930b07, returning this
[2026-02-13T21:37:07.081Z] AUTH_USER: sub=32f40f0c-1fe9-4b5b-95b3-7e3380930b07, email=applution@gmail.com
[2026-02-13T21:37:07.081Z] AUTH_USER: existing user found id=32f40f0c-1fe9-4b5b-95b3-7e3380930b07, returning this
[2026-02-13T21:37:07.085Z] AUTH_USER: sub=32f40f0c-1fe9-4b5b-95b3-7e3380930b07, email=applution@gmail.com
[2026-02-13T21:37:07.086Z] AUTH_USER: existing user found id=32f40f0c-1fe9-4b5b-95b3-7e3380930b07, returning this
[2026-02-13T21:37:07.089Z] AUTH_USER: sub=32f40f0c-1fe9-4b5b-95b3-7e3380930b07, email=applution@gmail.com
[2026-02-13T21:37:07.090Z] AUTH_USER: existing user found id=32f40f0c-1fe9-4b5b-95b3-7e3380930b07, returning this
[2026-02-13T21:37:07.092Z] AUTH_USER: sub=32f40f0c-1fe9-4b5b-95b3-7e3380930b07, email=applution@gmail.com
[2026-02-13T21:37:07.093Z] AUTH_USER: existing user found id=32f40f0c-1fe9-4b5b-95b3-7e3380930b07, returning this
[2026-02-13T21:37:09.730Z] DASHBOARD: using claims.sub userId=32f40f0c-1fe9-4b5b-95b3-7e3380930b07, email=applution@gmail.com
[2026-02-13T21:37:09.731Z] DASHBOARD: getEventsByUser(32f40f0c-1fe9-4b5b-95b3-7e3380930b07) returned 9 events
[2026-02-13T21:37:09.737Z] AUTH_USER: sub=32f40f0c-1fe9-4b5b-95b3-7e3380930b07, email=applution@gmail.com
[2026-02-13T21:37:09.739Z] AUTH_USER: existing user found id=32f40f0c-1fe9-4b5b-95b3-7e3380930b07, returning this
[2026-02-13T21:37:09.744Z] AUTH_USER: sub=32f40f0c-1fe9-4b5b-95b3-7e3380930b07, email=applution@gmail.com
[2026-02-13T21:37:09.745Z] AUTH_USER: existing user found id=32f40f0c-1fe9-4b5b-95b3-7e3380930b07, returning this
[2026-02-14T15:36:51.937Z] AUTH_USER: sub=32f40f0c-1fe9-4b5b-95b3-7e3380930b07, email=applution@gmail.com
[2026-02-14T15:36:51.940Z] AUTH_USER: existing user found id=32f40f0c-1fe9-4b5b-95b3-7e3380930b07, returning this
[2026-02-14T15:36:51.961Z] AUTH_USER: sub=32f40f0c-1fe9-4b5b-95b3-7e3380930b07, email=applution@gmail.com
[2026-02-14T15:36:51.964Z] AUTH_USER: existing user found id=32f40f0c-1fe9-4b5b-95b3-7e3380930b07, returning this
[2026-02-14T15:36:51.972Z] AUTH_USER: sub=32f40f0c-1fe9-4b5b-95b3-7e3380930b07, email=applution@gmail.com
[2026-02-14T15:36:51.978Z] AUTH_USER: existing user found id=32f40f0c-1fe9-4b5b-95b3-7e3380930b07, returning this
[2026-02-14T15:36:51.986Z] AUTH_USER: sub=32f40f0c-1fe9-4b5b-95b3-7e3380930b07, email=applution@gmail.com
[2026-02-14T15:36:51.989Z] AUTH_USER: existing user found id=32f40f0c-1fe9-4b5b-95b3-7e3380930b07, returning this
[2026-02-14T15:36:52.032Z] AUTH_USER: sub=32f40f0c-1fe9-4b5b-95b3-7e3380930b07, email=applution@gmail.com
[2026-02-14T15:36:52.034Z] AUTH_USER: existing user found id=32f40f0c-1fe9-4b5b-95b3-7e3380930b07, returning this
[2026-02-14T15:36:52.037Z] AUTH_USER: sub=32f40f0c-1fe9-4b5b-95b3-7e3380930b07, email=applution@gmail.com
[2026-02-14T15:36:52.037Z] AUTH_USER: existing user found id=32f40f0c-1fe9-4b5b-95b3-7e3380930b07, returning this
[2026-02-14T15:36:52.040Z] AUTH_USER: sub=32f40f0c-1fe9-4b5b-95b3-7e3380930b07, email=applution@gmail.com
[2026-02-14T15:36:52.040Z] AUTH_USER: existing user found id=32f40f0c-1fe9-4b5b-95b3-7e3380930b07, returning this
[2026-02-14T15:36:52.046Z] AUTH_USER: sub=32f40f0c-1fe9-4b5b-95b3-7e3380930b07, email=applution@gmail.com
[2026-02-14T15:36:52.047Z] AUTH_USER: existing user found id=32f40f0c-1fe9-4b5b-95b3-7e3380930b07, returning this
[2026-02-14T15:36:52.051Z] AUTH_USER: sub=32f40f0c-1fe9-4b5b-95b3-7e3380930b07, email=applution@gmail.com
[2026-02-14T15:36:52.056Z] AUTH_USER: existing user found id=32f40f0c-1fe9-4b5b-95b3-7e3380930b07, returning this
[2026-02-14T15:36:52.063Z] AUTH_USER: sub=32f40f0c-1fe9-4b5b-95b3-7e3380930b07, email=applution@gmail.com
[2026-02-14T15:36:52.705Z] AUTH_USER: existing user found id=32f40f0c-1fe9-4b5b-95b3-7e3380930b07, returning this
[2026-02-14T15:36:52.715Z] AUTH_USER: sub=32f40f0c-1fe9-4b5b-95b3-7e3380930b07, email=applution@gmail.com
[2026-02-14T15:36:52.731Z] AUTH_USER: existing user found id=32f40f0c-1fe9-4b5b-95b3-7e3380930b07, returning this
[2026-02-14T15:36:52.738Z] AUTH_USER: sub=32f40f0c-1fe9-4b5b-95b3-7e3380930b07, email=applution@gmail.com
[2026-02-14T15:36:52.739Z] AUTH_USER: existing user found id=32f40f0c-1fe9-4b5b-95b3-7e3380930b07, returning this
[2026-02-14T19:16:34.497Z] AUTH_USER: sub=32f40f0c-1fe9-4b5b-95b3-7e3380930b07, email=applution@gmail.com
[2026-02-14T19:16:34.508Z] AUTH_USER: existing user found id=32f40f0c-1fe9-4b5b-95b3-7e3380930b07, returning this
[2026-02-14T19:16:34.512Z] AUTH_USER: sub=32f40f0c-1fe9-4b5b-95b3-7e3380930b07, email=applution@gmail.com
[2026-02-14T19:16:34.512Z] AUTH_USER: existing user found id=32f40f0c-1fe9-4b5b-95b3-7e3380930b07, returning this
[2026-02-14T19:16:34.514Z] AUTH_USER: sub=32f40f0c-1fe9-4b5b-95b3-7e3380930b07, email=applution@gmail.com
[2026-02-14T19:16:34.515Z] AUTH_USER: existing user found id=32f40f0c-1fe9-4b5b-95b3-7e3380930b07, returning this
[2026-02-14T19:16:34.516Z] AUTH_USER: sub=32f40f0c-1fe9-4b5b-95b3-7e3380930b07, email=applution@gmail.com
[2026-02-14T19:16:34.517Z] AUTH_USER: existing user found id=32f40f0c-1fe9-4b5b-95b3-7e3380930b07, returning this
[2026-02-14T19:16:34.519Z] AUTH_USER: sub=32f40f0c-1fe9-4b5b-95b3-7e3380930b07, email=applution@gmail.com
[2026-02-14T19:16:34.519Z] AUTH_USER: existing user found id=32f40f0c-1fe9-4b5b-95b3-7e3380930b07, returning this
[2026-02-14T19:16:34.521Z] AUTH_USER: sub=32f40f0c-1fe9-4b5b-95b3-7e3380930b07, email=applution@gmail.com
[2026-02-14T19:16:34.521Z] AUTH_USER: existing user found id=32f40f0c-1fe9-4b5b-95b3-7e3380930b07, returning this
[2026-02-14T19:16:34.562Z] DASHBOARD: using claims.sub userId=32f40f0c-1fe9-4b5b-95b3-7e3380930b07, email=applution@gmail.com
[2026-02-14T19:16:34.578Z] AUTH_USER: sub=32f40f0c-1fe9-4b5b-95b3-7e3380930b07, email=applution@gmail.com
[2026-02-14T19:16:34.578Z] AUTH_USER: existing user found id=32f40f0c-1fe9-4b5b-95b3-7e3380930b07, returning this
[2026-02-14T19:16:34.586Z] AUTH_USER: sub=32f40f0c-1fe9-4b5b-95b3-7e3380930b07, email=applution@gmail.com
[2026-02-14T19:16:34.587Z] AUTH_USER: existing user found id=32f40f0c-1fe9-4b5b-95b3-7e3380930b07, returning this
[2026-02-14T19:16:34.591Z] AUTH_USER: sub=32f40f0c-1fe9-4b5b-95b3-7e3380930b07, email=applution@gmail.com
[2026-02-14T19:16:34.591Z] AUTH_USER: existing user found id=32f40f0c-1fe9-4b5b-95b3-7e3380930b07, returning this
[2026-02-14T19:16:34.594Z] AUTH_USER: sub=32f40f0c-1fe9-4b5b-95b3-7e3380930b07, email=applution@gmail.com
[2026-02-14T19:16:34.594Z] AUTH_USER: existing user found id=32f40f0c-1fe9-4b5b-95b3-7e3380930b07, returning this
[2026-02-14T19:16:34.982Z] DASHBOARD: getEventsByUser(32f40f0c-1fe9-4b5b-95b3-7e3380930b07) returned 9 events
[2026-02-14T19:17:22.577Z] AUTH_USER: sub=32f40f0c-1fe9-4b5b-95b3-7e3380930b07, email=applution@gmail.com
[2026-02-14T19:17:22.578Z] AUTH_USER: existing user found id=32f40f0c-1fe9-4b5b-95b3-7e3380930b07, returning this
[2026-02-14T19:17:22.588Z] AUTH_USER: sub=32f40f0c-1fe9-4b5b-95b3-7e3380930b07, email=applution@gmail.com
[2026-02-14T19:17:22.589Z] AUTH_USER: existing user found id=32f40f0c-1fe9-4b5b-95b3-7e3380930b07, returning this
[2026-02-14T19:17:22.598Z] AUTH_USER: sub=32f40f0c-1fe9-4b5b-95b3-7e3380930b07, email=applution@gmail.com
[2026-02-14T19:17:22.600Z] AUTH_USER: existing user found id=32f40f0c-1fe9-4b5b-95b3-7e3380930b07, returning this
[2026-02-14T19:17:22.603Z] AUTH_USER: sub=32f40f0c-1fe9-4b5b-95b3-7e3380930b07, email=applution@gmail.com
[2026-02-14T19:17:22.604Z] AUTH_USER: existing user found id=32f40f0c-1fe9-4b5b-95b3-7e3380930b07, returning this
[2026-02-14T19:17:22.608Z] AUTH_USER: sub=32f40f0c-1fe9-4b5b-95b3-7e3380930b07, email=applution@gmail.com
[2026-02-14T19:17:22.610Z] AUTH_USER: existing user found id=32f40f0c-1fe9-4b5b-95b3-7e3380930b07, returning this
[2026-02-14T19:17:22.618Z] AUTH_USER: sub=32f40f0c-1fe9-4b5b-95b3-7e3380930b07, email=applution@gmail.com
[2026-02-14T19:17:22.619Z] AUTH_USER: existing user found id=32f40f0c-1fe9-4b5b-95b3-7e3380930b07, returning this
[2026-02-14T19:17:23.093Z] AUTH_USER: sub=32f40f0c-1fe9-4b5b-95b3-7e3380930b07, email=applution@gmail.com
[2026-02-14T19:17:23.094Z] AUTH_USER: existing user found id=32f40f0c-1fe9-4b5b-95b3-7e3380930b07, returning this
[2026-02-14T19:17:23.097Z] AUTH_USER: sub=32f40f0c-1fe9-4b5b-95b3-7e3380930b07, email=applution@gmail.com
[2026-02-14T19:17:23.097Z] AUTH_USER: existing user found id=32f40f0c-1fe9-4b5b-95b3-7e3380930b07, returning this
[2026-02-14T19:17:23.099Z] AUTH_USER: sub=32f40f0c-1fe9-4b5b-95b3-7e3380930b07, email=applution@gmail.com
[2026-02-14T19:17:23.100Z] AUTH_USER: existing user found id=32f40f0c-1fe9-4b5b-95b3-7e3380930b07, returning this
[2026-02-14T19:17:23.101Z] AUTH_USER: sub=32f40f0c-1fe9-4b5b-95b3-7e3380930b07, email=applution@gmail.com
[2026-02-14T19:17:23.102Z] AUTH_USER: existing user found id=32f40f0c-1fe9-4b5b-95b3-7e3380930b07, returning this
[2026-02-14T19:17:23.103Z] AUTH_USER: sub=32f40f0c-1fe9-4b5b-95b3-7e3380930b07, email=applution@gmail.com
[2026-02-14T19:17:23.104Z] AUTH_USER: existing user found id=32f40f0c-1fe9-4b5b-95b3-7e3380930b07, returning this
[2026-02-14T19:17:23.120Z] AUTH_USER: sub=32f40f0c-1fe9-4b5b-95b3-7e3380930b07, email=applution@gmail.com
[2026-02-14T19:17:23.121Z] AUTH_USER: existing user found id=32f40f0c-1fe9-4b5b-95b3-7e3380930b07, returning this
[2026-02-14T19:17:23.205Z] DASHBOARD: using claims.sub userId=32f40f0c-1fe9-4b5b-95b3-7e3380930b07, email=applution@gmail.com
[2026-02-14T19:17:23.205Z] DASHBOARD: getEventsByUser(32f40f0c-1fe9-4b5b-95b3-7e3380930b07) returned 9 events
[2026-02-14T19:17:23.208Z] AUTH_USER: sub=32f40f0c-1fe9-4b5b-95b3-7e3380930b07, email=applution@gmail.com
[2026-02-14T19:17:23.209Z] AUTH_USER: existing user found id=32f40f0c-1fe9-4b5b-95b3-7e3380930b07, returning this
[2026-02-14T19:17:23.222Z] AUTH_USER: sub=32f40f0c-1fe9-4b5b-95b3-7e3380930b07, email=applution@gmail.com
[2026-02-14T19:17:23.223Z] AUTH_USER: existing user found id=32f40f0c-1fe9-4b5b-95b3-7e3380930b07, returning this
[2026-02-14T19:17:23.230Z] AUTH_USER: sub=32f40f0c-1fe9-4b5b-95b3-7e3380930b07, email=applution@gmail.com
[2026-02-14T19:17:23.230Z] AUTH_USER: existing user found id=32f40f0c-1fe9-4b5b-95b3-7e3380930b07, returning this
[2026-02-14T19:17:23.234Z] AUTH_USER: sub=32f40f0c-1fe9-4b5b-95b3-7e3380930b07, email=applution@gmail.com
[2026-02-14T19:17:23.234Z] AUTH_USER: existing user found id=32f40f0c-1fe9-4b5b-95b3-7e3380930b07, returning this
[2026-02-14T19:21:39.889Z] AUTH_USER: sub=32f40f0c-1fe9-4b5b-95b3-7e3380930b07, email=applution@gmail.com
[2026-02-14T19:21:39.890Z] AUTH_USER: existing user found id=32f40f0c-1fe9-4b5b-95b3-7e3380930b07, returning this
[2026-02-14T19:21:39.892Z] AUTH_USER: sub=32f40f0c-1fe9-4b5b-95b3-7e3380930b07, email=applution@gmail.com
[2026-02-14T19:21:39.893Z] AUTH_USER: existing user found id=32f40f0c-1fe9-4b5b-95b3-7e3380930b07, returning this
[2026-02-14T19:21:39.895Z] AUTH_USER: sub=32f40f0c-1fe9-4b5b-95b3-7e3380930b07, email=applution@gmail.com
[2026-02-14T19:21:39.896Z] AUTH_USER: existing user found id=32f40f0c-1fe9-4b5b-95b3-7e3380930b07, returning this
[2026-02-14T19:21:39.897Z] AUTH_USER: sub=32f40f0c-1fe9-4b5b-95b3-7e3380930b07, email=applution@gmail.com
[2026-02-14T19:21:39.898Z] AUTH_USER: existing user found id=32f40f0c-1fe9-4b5b-95b3-7e3380930b07, returning this
[2026-02-14T19:21:39.899Z] AUTH_USER: sub=32f40f0c-1fe9-4b5b-95b3-7e3380930b07, email=applution@gmail.com
[2026-02-14T19:21:39.900Z] AUTH_USER: existing user found id=32f40f0c-1fe9-4b5b-95b3-7e3380930b07, returning this
[2026-02-14T19:21:39.901Z] AUTH_USER: sub=32f40f0c-1fe9-4b5b-95b3-7e3380930b07, email=applution@gmail.com
[2026-02-14T19:21:39.902Z] AUTH_USER: existing user found id=32f40f0c-1fe9-4b5b-95b3-7e3380930b07, returning this
[2026-02-14T19:21:39.903Z] AUTH_USER: sub=32f40f0c-1fe9-4b5b-95b3-7e3380930b07, email=applution@gmail.com
[2026-02-14T19:21:39.904Z] AUTH_USER: existing user found id=32f40f0c-1fe9-4b5b-95b3-7e3380930b07, returning this
[2026-02-14T19:21:39.905Z] AUTH_USER: sub=32f40f0c-1fe9-4b5b-95b3-7e3380930b07, email=applution@gmail.com
[2026-02-14T19:21:39.906Z] AUTH_USER: existing user found id=32f40f0c-1fe9-4b5b-95b3-7e3380930b07, returning this
[2026-02-14T19:21:42.071Z] AUTH_USER: sub=32f40f0c-1fe9-4b5b-95b3-7e3380930b07, email=applution@gmail.com
[2026-02-14T19:21:42.072Z] AUTH_USER: existing user found id=32f40f0c-1fe9-4b5b-95b3-7e3380930b07, returning this
[2026-02-14T19:21:42.075Z] AUTH_USER: sub=32f40f0c-1fe9-4b5b-95b3-7e3380930b07, email=applution@gmail.com
[2026-02-14T19:21:42.079Z] AUTH_USER: existing user found id=32f40f0c-1fe9-4b5b-95b3-7e3380930b07, returning this
[2026-02-14T19:21:42.081Z] AUTH_USER: sub=32f40f0c-1fe9-4b5b-95b3-7e3380930b07, email=applution@gmail.com
[2026-02-14T19:21:42.081Z] AUTH_USER: existing user found id=32f40f0c-1fe9-4b5b-95b3-7e3380930b07, returning this
[2026-02-14T19:21:42.083Z] AUTH_USER: sub=32f40f0c-1fe9-4b5b-95b3-7e3380930b07, email=applution@gmail.com
[2026-02-14T19:21:42.084Z] AUTH_USER: existing user found id=32f40f0c-1fe9-4b5b-95b3-7e3380930b07, returning this
[2026-02-14T19:21:42.095Z] AUTH_USER: sub=32f40f0c-1fe9-4b5b-95b3-7e3380930b07, email=applution@gmail.com
[2026-02-14T19:21:42.096Z] AUTH_USER: existing user found id=32f40f0c-1fe9-4b5b-95b3-7e3380930b07, returning this
[2026-02-14T19:21:42.146Z] DASHBOARD: using claims.sub userId=32f40f0c-1fe9-4b5b-95b3-7e3380930b07, email=applution@gmail.com
[2026-02-14T19:21:42.160Z] AUTH_USER: sub=32f40f0c-1fe9-4b5b-95b3-7e3380930b07, email=applution@gmail.com
[2026-02-14T19:21:42.160Z] AUTH_USER: existing user found id=32f40f0c-1fe9-4b5b-95b3-7e3380930b07, returning this
[2026-02-14T19:21:42.167Z] AUTH_USER: sub=32f40f0c-1fe9-4b5b-95b3-7e3380930b07, email=applution@gmail.com
[2026-02-14T19:21:42.168Z] AUTH_USER: existing user found id=32f40f0c-1fe9-4b5b-95b3-7e3380930b07, returning this
[2026-02-14T19:21:42.171Z] AUTH_USER: sub=32f40f0c-1fe9-4b5b-95b3-7e3380930b07, email=applution@gmail.com
[2026-02-14T19:21:42.172Z] AUTH_USER: existing user found id=32f40f0c-1fe9-4b5b-95b3-7e3380930b07, returning this
[2026-02-14T19:21:42.175Z] AUTH_USER: sub=32f40f0c-1fe9-4b5b-95b3-7e3380930b07, email=applution@gmail.com
[2026-02-14T19:21:42.175Z] AUTH_USER: existing user found id=32f40f0c-1fe9-4b5b-95b3-7e3380930b07, returning this
[2026-02-14T19:21:42.563Z] DASHBOARD: getEventsByUser(32f40f0c-1fe9-4b5b-95b3-7e3380930b07) returned 9 events
